INFO music  70 当前图片缓存目录: Z:\Code\python\PyQt\PyQt\tests\MusicPlayer\cache
WARNING base  49 读取或保存cookies出错 文件名: ['cookies/playlist/musicList.cks']
Traceback (most recent call last):
  File "Z:\Code\python\PyQt\PyQt\tests\MusicPlayer\widgets\base.py", line 47, in _exec
    func(*args)
  File "Z:\Code\python\PyQt\PyQt\tests\MusicPlayer\widgets\player.py", line 519, in loadCookies
    self.musicList = pickle.load(f)
EOFError: Ran out of input
WARNING base  49 读取或保存cookies出错 文件名: ['cookies/mediaPlaylist/musics.cks', 'cookies/mediaPlaylist/mediaList.cks']
Traceback (most recent call last):
  File "Z:\Code\python\PyQt\PyQt\tests\MusicPlayer\widgets\base.py", line 47, in _exec
    func(*args)
  File "Z:\Code\python\PyQt\PyQt\tests\MusicPlayer\widgets\player.py", line 1458, in loadCookies
    self.mediaList = pickle.load(f)
EOFError: Ran out of input
WARNING base  49 读取或保存cookies出错 文件名: ['cookies/headers/loginInfor.cks']
Traceback (most recent call last):
  File "Z:\Code\python\PyQt\PyQt\tests\MusicPlayer\widgets\base.py", line 47, in _exec
    func(*args)
  File "Z:\Code\python\PyQt\PyQt\tests\MusicPlayer\features\configMainFeatures.py", line 275, in loadCookies
    self.loginInfor = pickle.load(f)
EOFError: Ran out of input
INFO configDownloadFrameFeatures  82 下载目标变更Z:\Code\python\PyQt\PyQt\tests\MusicPlayer\downloads
WARNING base  49 读取或保存cookies出错 文件名: ['cookies/downloadInfo/downloadFolder.cks']
Traceback (most recent call last):
  File "Z:\Code\python\PyQt\PyQt\tests\MusicPlayer\widgets\base.py", line 47, in _exec
    func(*args)
  File "Z:\Code\python\PyQt\PyQt\tests\MusicPlayer\features\configDownloadFrameFeatures.py", line 199, in loadCookies
    self.myDownloadFolder = pickle.load(f)
EOFError: Ran out of input
WARNING base  49 读取或保存cookies出错 文件名: ['cookies/native/local.cks']
Traceback (most recent call last):
  File "Z:\Code\python\PyQt\PyQt\tests\MusicPlayer\widgets\base.py", line 47, in _exec
    func(*args)
  File "Z:\Code\python\PyQt\PyQt\tests\MusicPlayer\features\configNativeFeatures.py", line 124, in loadCookies
    self.folder = pickle.load(f)
EOFError: Ran out of input
INFO netEaseApi  56 进行网易云Url请求, args: ('http://music.163.com/api/playlist/list?cat=%E5%85%A8%E9%83%A8%E6%AD%8C%E5%8D%95&type=all&order=all&offset=0&total=true&limit=30&index=1',), kwargs: {'method': 'GET', 'cookies': {'appver': '2.1.2.184499', 'os': 'pc', 'channel': 'netease'}}
ERROR apiRequestsBase  61 retry function <function HttpRequest.httpRequest at 0x000002A6110FC5E0> 
 args (<xiamiApi.XiamiApi object at 0x000002A6121FF8E0>, 'http://api.xiami.com/web?v=2.0&app_key=1&_ksTS=1459927525542_91&page=1&limit=30&callback=jsonp92&r=collect/recommend'),
 kwargs {'method': 'GET'} 
 times:0
Traceback (most recent call last):
  File "D:\ProgramData\Anaconda3\envs\PyQt5_Py39\lib\site-packages\urllib3\connection.py", line 198, in _new_conn
    sock = connection.create_connection(
  File "D:\ProgramData\Anaconda3\envs\PyQt5_Py39\lib\site-packages\urllib3\util\connection.py", line 60, in create_connection
    for res in socket.getaddrinfo(host, port, family, socket.SOCK_STREAM):
  File "D:\ProgramData\Anaconda3\envs\PyQt5_Py39\lib\socket.py", line 966, in getaddrinfo
    for res in _socket.getaddrinfo(host, port, family, type, proto, flags):
socket.gaierror: [Errno 11001] getaddrinfo failed

The above exception was the direct cause of the following exception:

Traceback (most recent call last):
  File "D:\ProgramData\Anaconda3\envs\PyQt5_Py39\lib\site-packages\urllib3\connectionpool.py", line 787, in urlopen
    response = self._make_request(
  File "D:\ProgramData\Anaconda3\envs\PyQt5_Py39\lib\site-packages\urllib3\connectionpool.py", line 493, in _make_request
    conn.request(
  File "D:\ProgramData\Anaconda3\envs\PyQt5_Py39\lib\site-packages\urllib3\connection.py", line 445, in request
    self.endheaders()
  File "D:\ProgramData\Anaconda3\envs\PyQt5_Py39\lib\http\client.py", line 1280, in endheaders
    self._send_output(message_body, encode_chunked=encode_chunked)
  File "D:\ProgramData\Anaconda3\envs\PyQt5_Py39\lib\http\client.py", line 1040, in _send_output
    self.send(msg)
  File "D:\ProgramData\Anaconda3\envs\PyQt5_Py39\lib\http\client.py", line 980, in send
    self.connect()
  File "D:\ProgramData\Anaconda3\envs\PyQt5_Py39\lib\site-packages\urllib3\connection.py", line 276, in connect
    self.sock = self._new_conn()
  File "D:\ProgramData\Anaconda3\envs\PyQt5_Py39\lib\site-packages\urllib3\connection.py", line 205, in _new_conn
    raise NameResolutionError(self.host, self, e) from e
urllib3.exceptions.NameResolutionError: <urllib3.connection.HTTPConnection object at 0x000002A6141360D0>: Failed to resolve 'api.xiami.com' ([Errno 11001] getaddrinfo failed)

The above exception was the direct cause of the following exception:

Traceback (most recent call last):
  File "D:\ProgramData\Anaconda3\envs\PyQt5_Py39\lib\site-packages\requests\adapters.py", line 667, in send
    resp = conn.urlopen(
  File "D:\ProgramData\Anaconda3\envs\PyQt5_Py39\lib\site-packages\urllib3\connectionpool.py", line 841, in urlopen
    retries = retries.increment(
  File "D:\ProgramData\Anaconda3\envs\PyQt5_Py39\lib\site-packages\urllib3\util\retry.py", line 519, in increment
    raise MaxRetryError(_pool, url, reason) from reason  # type: ignore[arg-type]
urllib3.exceptions.MaxRetryError: HTTPConnectionPool(host='api.xiami.com', port=80): Max retries exceeded with url: /web?v=2.0&app_key=1&_ksTS=1459927525542_91&page=1&limit=30&callback=jsonp92&r=collect/recommend (Caused by NameResolutionError("<urllib3.connection.HTTPConnection object at 0x000002A6141360D0>: Failed to resolve 'api.xiami.com' ([Errno 11001] getaddrinfo failed)"))

During handling of the above exception, another exception occurred:

Traceback (most recent call last):
  File "Z:\Code\python\PyQt\PyQt\tests\MusicPlayer\apis\apiRequestsBase.py", line 59, in _filter
    return func(*args, **kwargs)
  File "Z:\Code\python\PyQt\PyQt\tests\MusicPlayer\apis\apiRequestsBase.py", line 112, in httpRequest
    html = self.sessions.get(action, headers=headers, cookies=cookies, timeout=timeout)
  File "D:\ProgramData\Anaconda3\envs\PyQt5_Py39\lib\site-packages\requests\sessions.py", line 602, in get
    return self.request("GET", url, **kwargs)
  File "D:\ProgramData\Anaconda3\envs\PyQt5_Py39\lib\site-packages\requests\sessions.py", line 589, in request
    resp = self.send(prep, **send_kwargs)
  File "D:\ProgramData\Anaconda3\envs\PyQt5_Py39\lib\site-packages\requests\sessions.py", line 703, in send
    r = adapter.send(request, **kwargs)
  File "D:\ProgramData\Anaconda3\envs\PyQt5_Py39\lib\site-packages\requests\adapters.py", line 700, in send
    raise ConnectionError(e, request=request)
requests.exceptions.ConnectionError: HTTPConnectionPool(host='api.xiami.com', port=80): Max retries exceeded with url: /web?v=2.0&app_key=1&_ksTS=1459927525542_91&page=1&limit=30&callback=jsonp92&r=collect/recommend (Caused by NameResolutionError("<urllib3.connection.HTTPConnection object at 0x000002A6141360D0>: Failed to resolve 'api.xiami.com' ([Errno 11001] getaddrinfo failed)"))
ERROR apiRequestsBase  61 retry function <function HttpRequest.httpRequest at 0x000002A6110FC5E0> 
 args (<xiamiApi.XiamiApi object at 0x000002A6121FF8E0>, 'http://api.xiami.com/web?v=2.0&app_key=1&_ksTS=1459927525542_91&page=1&limit=30&callback=jsonp92&r=collect/recommend'),
 kwargs {'method': 'GET'} 
 times:1
Traceback (most recent call last):
  File "D:\ProgramData\Anaconda3\envs\PyQt5_Py39\lib\site-packages\urllib3\connection.py", line 198, in _new_conn
    sock = connection.create_connection(
  File "D:\ProgramData\Anaconda3\envs\PyQt5_Py39\lib\site-packages\urllib3\util\connection.py", line 60, in create_connection
    for res in socket.getaddrinfo(host, port, family, socket.SOCK_STREAM):
  File "D:\ProgramData\Anaconda3\envs\PyQt5_Py39\lib\socket.py", line 966, in getaddrinfo
    for res in _socket.getaddrinfo(host, port, family, type, proto, flags):
socket.gaierror: [Errno 11001] getaddrinfo failed

The above exception was the direct cause of the following exception:

Traceback (most recent call last):
  File "D:\ProgramData\Anaconda3\envs\PyQt5_Py39\lib\site-packages\urllib3\connectionpool.py", line 787, in urlopen
    response = self._make_request(
  File "D:\ProgramData\Anaconda3\envs\PyQt5_Py39\lib\site-packages\urllib3\connectionpool.py", line 493, in _make_request
    conn.request(
  File "D:\ProgramData\Anaconda3\envs\PyQt5_Py39\lib\site-packages\urllib3\connection.py", line 445, in request
    self.endheaders()
  File "D:\ProgramData\Anaconda3\envs\PyQt5_Py39\lib\http\client.py", line 1280, in endheaders
    self._send_output(message_body, encode_chunked=encode_chunked)
  File "D:\ProgramData\Anaconda3\envs\PyQt5_Py39\lib\http\client.py", line 1040, in _send_output
    self.send(msg)
  File "D:\ProgramData\Anaconda3\envs\PyQt5_Py39\lib\http\client.py", line 980, in send
    self.connect()
  File "D:\ProgramData\Anaconda3\envs\PyQt5_Py39\lib\site-packages\urllib3\connection.py", line 276, in connect
    self.sock = self._new_conn()
  File "D:\ProgramData\Anaconda3\envs\PyQt5_Py39\lib\site-packages\urllib3\connection.py", line 205, in _new_conn
    raise NameResolutionError(self.host, self, e) from e
urllib3.exceptions.NameResolutionError: <urllib3.connection.HTTPConnection object at 0x000002A61414B4C0>: Failed to resolve 'api.xiami.com' ([Errno 11001] getaddrinfo failed)

The above exception was the direct cause of the following exception:

Traceback (most recent call last):
  File "D:\ProgramData\Anaconda3\envs\PyQt5_Py39\lib\site-packages\requests\adapters.py", line 667, in send
    resp = conn.urlopen(
  File "D:\ProgramData\Anaconda3\envs\PyQt5_Py39\lib\site-packages\urllib3\connectionpool.py", line 841, in urlopen
    retries = retries.increment(
  File "D:\ProgramData\Anaconda3\envs\PyQt5_Py39\lib\site-packages\urllib3\util\retry.py", line 519, in increment
    raise MaxRetryError(_pool, url, reason) from reason  # type: ignore[arg-type]
urllib3.exceptions.MaxRetryError: HTTPConnectionPool(host='api.xiami.com', port=80): Max retries exceeded with url: /web?v=2.0&app_key=1&_ksTS=1459927525542_91&page=1&limit=30&callback=jsonp92&r=collect/recommend (Caused by NameResolutionError("<urllib3.connection.HTTPConnection object at 0x000002A61414B4C0>: Failed to resolve 'api.xiami.com' ([Errno 11001] getaddrinfo failed)"))

During handling of the above exception, another exception occurred:

Traceback (most recent call last):
  File "Z:\Code\python\PyQt\PyQt\tests\MusicPlayer\apis\apiRequestsBase.py", line 59, in _filter
    return func(*args, **kwargs)
  File "Z:\Code\python\PyQt\PyQt\tests\MusicPlayer\apis\apiRequestsBase.py", line 112, in httpRequest
    html = self.sessions.get(action, headers=headers, cookies=cookies, timeout=timeout)
  File "D:\ProgramData\Anaconda3\envs\PyQt5_Py39\lib\site-packages\requests\sessions.py", line 602, in get
    return self.request("GET", url, **kwargs)
  File "D:\ProgramData\Anaconda3\envs\PyQt5_Py39\lib\site-packages\requests\sessions.py", line 589, in request
    resp = self.send(prep, **send_kwargs)
  File "D:\ProgramData\Anaconda3\envs\PyQt5_Py39\lib\site-packages\requests\sessions.py", line 703, in send
    r = adapter.send(request, **kwargs)
  File "D:\ProgramData\Anaconda3\envs\PyQt5_Py39\lib\site-packages\requests\adapters.py", line 700, in send
    raise ConnectionError(e, request=request)
requests.exceptions.ConnectionError: HTTPConnectionPool(host='api.xiami.com', port=80): Max retries exceeded with url: /web?v=2.0&app_key=1&_ksTS=1459927525542_91&page=1&limit=30&callback=jsonp92&r=collect/recommend (Caused by NameResolutionError("<urllib3.connection.HTTPConnection object at 0x000002A61414B4C0>: Failed to resolve 'api.xiami.com' ([Errno 11001] getaddrinfo failed)"))
ERROR apiRequestsBase  61 retry function <function HttpRequest.httpRequest at 0x000002A6110FC5E0> 
 args (<xiamiApi.XiamiApi object at 0x000002A6121FF8E0>, 'http://api.xiami.com/web?v=2.0&app_key=1&_ksTS=1459927525542_91&page=1&limit=30&callback=jsonp92&r=collect/recommend'),
 kwargs {'method': 'GET'} 
 times:2
Traceback (most recent call last):
  File "D:\ProgramData\Anaconda3\envs\PyQt5_Py39\lib\site-packages\urllib3\connection.py", line 198, in _new_conn
    sock = connection.create_connection(
  File "D:\ProgramData\Anaconda3\envs\PyQt5_Py39\lib\site-packages\urllib3\util\connection.py", line 60, in create_connection
    for res in socket.getaddrinfo(host, port, family, socket.SOCK_STREAM):
  File "D:\ProgramData\Anaconda3\envs\PyQt5_Py39\lib\socket.py", line 966, in getaddrinfo
    for res in _socket.getaddrinfo(host, port, family, type, proto, flags):
socket.gaierror: [Errno 11001] getaddrinfo failed

The above exception was the direct cause of the following exception:

Traceback (most recent call last):
  File "D:\ProgramData\Anaconda3\envs\PyQt5_Py39\lib\site-packages\urllib3\connectionpool.py", line 787, in urlopen
    response = self._make_request(
  File "D:\ProgramData\Anaconda3\envs\PyQt5_Py39\lib\site-packages\urllib3\connectionpool.py", line 493, in _make_request
    conn.request(
  File "D:\ProgramData\Anaconda3\envs\PyQt5_Py39\lib\site-packages\urllib3\connection.py", line 445, in request
    self.endheaders()
  File "D:\ProgramData\Anaconda3\envs\PyQt5_Py39\lib\http\client.py", line 1280, in endheaders
    self._send_output(message_body, encode_chunked=encode_chunked)
  File "D:\ProgramData\Anaconda3\envs\PyQt5_Py39\lib\http\client.py", line 1040, in _send_output
    self.send(msg)
  File "D:\ProgramData\Anaconda3\envs\PyQt5_Py39\lib\http\client.py", line 980, in send
    self.connect()
  File "D:\ProgramData\Anaconda3\envs\PyQt5_Py39\lib\site-packages\urllib3\connection.py", line 276, in connect
    self.sock = self._new_conn()
  File "D:\ProgramData\Anaconda3\envs\PyQt5_Py39\lib\site-packages\urllib3\connection.py", line 205, in _new_conn
    raise NameResolutionError(self.host, self, e) from e
urllib3.exceptions.NameResolutionError: <urllib3.connection.HTTPConnection object at 0x000002A6141363D0>: Failed to resolve 'api.xiami.com' ([Errno 11001] getaddrinfo failed)

The above exception was the direct cause of the following exception:

Traceback (most recent call last):
  File "D:\ProgramData\Anaconda3\envs\PyQt5_Py39\lib\site-packages\requests\adapters.py", line 667, in send
    resp = conn.urlopen(
  File "D:\ProgramData\Anaconda3\envs\PyQt5_Py39\lib\site-packages\urllib3\connectionpool.py", line 841, in urlopen
    retries = retries.increment(
  File "D:\ProgramData\Anaconda3\envs\PyQt5_Py39\lib\site-packages\urllib3\util\retry.py", line 519, in increment
    raise MaxRetryError(_pool, url, reason) from reason  # type: ignore[arg-type]
urllib3.exceptions.MaxRetryError: HTTPConnectionPool(host='api.xiami.com', port=80): Max retries exceeded with url: /web?v=2.0&app_key=1&_ksTS=1459927525542_91&page=1&limit=30&callback=jsonp92&r=collect/recommend (Caused by NameResolutionError("<urllib3.connection.HTTPConnection object at 0x000002A6141363D0>: Failed to resolve 'api.xiami.com' ([Errno 11001] getaddrinfo failed)"))

During handling of the above exception, another exception occurred:

Traceback (most recent call last):
  File "Z:\Code\python\PyQt\PyQt\tests\MusicPlayer\apis\apiRequestsBase.py", line 59, in _filter
    return func(*args, **kwargs)
  File "Z:\Code\python\PyQt\PyQt\tests\MusicPlayer\apis\apiRequestsBase.py", line 112, in httpRequest
    html = self.sessions.get(action, headers=headers, cookies=cookies, timeout=timeout)
  File "D:\ProgramData\Anaconda3\envs\PyQt5_Py39\lib\site-packages\requests\sessions.py", line 602, in get
    return self.request("GET", url, **kwargs)
  File "D:\ProgramData\Anaconda3\envs\PyQt5_Py39\lib\site-packages\requests\sessions.py", line 589, in request
    resp = self.send(prep, **send_kwargs)
  File "D:\ProgramData\Anaconda3\envs\PyQt5_Py39\lib\site-packages\requests\sessions.py", line 703, in send
    r = adapter.send(request, **kwargs)
  File "D:\ProgramData\Anaconda3\envs\PyQt5_Py39\lib\site-packages\requests\adapters.py", line 700, in send
    raise ConnectionError(e, request=request)
requests.exceptions.ConnectionError: HTTPConnectionPool(host='api.xiami.com', port=80): Max retries exceeded with url: /web?v=2.0&app_key=1&_ksTS=1459927525542_91&page=1&limit=30&callback=jsonp92&r=collect/recommend (Caused by NameResolutionError("<urllib3.connection.HTTPConnection object at 0x000002A6141363D0>: Failed to resolve 'api.xiami.com' ([Errno 11001] getaddrinfo failed)"))
ERROR apiRequestsBase  64 function <function HttpRequest.httpRequest at 0x000002A6110FC5E0> is wrong. args (<xiamiApi.XiamiApi object at 0x000002A6121FF8E0>, 'http://api.xiami.com/web?v=2.0&app_key=1&_ksTS=1459927525542_91&page=1&limit=30&callback=jsonp92&r=collect/recommend'),
 kwargs {'method': 'GET'}
NoneType: None
INFO xiamiApi  55 进行xiami Url请求, args: ('http://api.xiami.com/web?v=2.0&app_key=1&_ksTS=1459927525542_91&page=1&limit=30&callback=jsonp92&r=collect/recommend',), kwargs: {'method': 'GET'}
ERROR apiRequestsBase  41 error has ignored.
Traceback (most recent call last):
  File "Z:\Code\python\PyQt\PyQt\tests\MusicPlayer\apis\apiRequestsBase.py", line 39, in ignored
    yield
  File "Z:\Code\python\PyQt\PyQt\tests\MusicPlayer\apis\xiamiApi.py", line 58, in httpRequest
    return html.text
AttributeError: 'bool' object has no attribute 'text'
INFO xiamiApi  60 url: http://api.xiami.com/web?v=2.0&app_key=1&_ksTS=1459927525542_91&page=1&limit=30&callback=jsonp92&r=collect/recommend 请求失败. Header: None
ERROR apiRequestsBase  41 error has ignored.
Traceback (most recent call last):
  File "Z:\Code\python\PyQt\PyQt\tests\MusicPlayer\apis\apiRequestsBase.py", line 39, in ignored
    yield
  File "Z:\Code\python\PyQt\PyQt\tests\MusicPlayer\apis\xiamiApi.py", line 70, in playList
    response = json.loads(response[len('jsonp92('):-len(')')])
  File "D:\ProgramData\Anaconda3\envs\PyQt5_Py39\lib\json\__init__.py", line 346, in loads
    return _default_decoder.decode(s)
  File "D:\ProgramData\Anaconda3\envs\PyQt5_Py39\lib\json\decoder.py", line 337, in decode
    obj, end = self.raw_decode(s, idx=_w(s, 0).end())
  File "D:\ProgramData\Anaconda3\envs\PyQt5_Py39\lib\json\decoder.py", line 355, in raw_decode
    raise JSONDecodeError("Expecting value", s, err.value) from None
json.decoder.JSONDecodeError: Expecting value: line 1 column 1 (char 0)
INFO qqApi  43 进行QQ Url请求, args: ('https://c.y.qq.com/splcloud/fcgi-bin/fcg_get_diss_by_tag.fcg?rnd=0.5136307078685405&g_tk=5381&jsonpCallback=getPlaylist&loginUin=0&hostUin=0&format=jsonp&inCharset=utf8&outCharset=utf-8&notice=0&platform=yqq&needNewCode=0&categoryId=10000000&sortId=5&sin=30&ein=29',), kwargs: {'method': 'GET', 'headers': {'Accept': 'text/html,application/xhtml+xml,application/xml;q=0.9,image/webp,*/*;q=0.8', 'Connection': 'keep-alive', 'Pragma': 'no-cache', 'Cache-Control': 'no-cache', 'Accept-Encoding': 'gzip,deflate,sdch', 'Accept-Language': 'zh-CN,zh;q=0.8', 'User-Agent': 'Mozilla/5.0 (Windows NT 6.1; WOW64) AppleWebKit/537.36 (KHTML, like Gecko) Chrome/45.0.2454.101 Safari/537.36', 'Host': 'c.y.qq.com', 'Referer': 'https://y.qq.com/portal/playlist.html'}}
INFO netEaseApi  56 进行网易云Url请求, args: ('http://music.163.com/api/playlist/detail?id=12937122744',), kwargs: {'method': 'GET', 'cookies': {'appver': '2.1.2.184499', 'os': 'pc', 'channel': 'netease'}}
INFO player  207 尝试添加歌曲到播放列表，歌曲信息: {'url': 'http(0, 1839003974)', 'name': 'Возьми сердце моё', 'time': '02:07', 'author': 'Канги', 'music_img': 'http://p4.music.126.net/QekeFHBD6bJfWr3Sfd5FeQ==/109951168525991593.jpg', 'music_id': 1839003974, 'lyric': None} 

INFO player  1015 歌曲地址失效，尝试重新获取，id号: 1839003974
INFO netEaseApi  56 进行网易云Url请求, args: ('http://music.163.com/weapi/song/enhance/player/url',), kwargs: {'method': 'POST', 'data': {'params': '/hyM7fyoWxNbiq59/3brK+kPDkZeDCN6vrsKiJ1CwwtJajpS/R1nNtTXxI6yfkJAnUk7f5IXjjQpjh0l6Yijot7OEtqse0KQYutJ6ib4vKxhZGLmFPJUakcjyQLmuN6m', 'encSecKey': 'b7a9030d28daef73373e7b4dd4e3c750242f1410e5a7a5f20a614965c814d9f2af31f65a151452ee3fb7b8b7a00abd5bfe80fda1d04fd383a881b75cf1ec35372856ebe0ec676d3655231413637247f422f4e6befcd05e1be290c085797378b45385fb02bd8dce29d8ada464084147ed26ef1504f5ac0a7baa75935e81a79954'}}
INFO player  1033 id 1839003974's response: [{'id': 1839003974, 'url': None, 'br': 0, 'size': 0, 'md5': None, 'code': -110, 'expi': 1200, 'type': None, 'gain': 0.0, 'peak': None, 'closedGain': 0.0, 'closedPeak': 0.0, 'fee': 1, 'uf': None, 'payed': 0, 'flag': 524548, 'canExtend': False, 'freeTrialInfo': None, 'level': None, 'encodeType': None, 'channelLayout': None, 'freeTrialPrivilege': {'resConsumable': True, 'userConsumable': False, 'listenType': None, 'cannotListenReason': None, 'playReason': None, 'freeLimitTagType': None}, 'freeTimeTrialPrivilege': {'resConsumable': False, 'userConsumable': False, 'type': 0, 'remainTime': 0}, 'urlSource': 0, 'rightSource': 0, 'podcastCtrp': None, 'effectTypes': None, 'time': 0, 'message': None, 'levelConfuse': None, 'musicId': None}]
ERROR __init__  589 Task exception was never retrieved
future: <Task finished name='Task-1' coro=<Player.loadRealMusicUrl() done, defined at Z:\Code\python\PyQt\PyQt\tests\MusicPlayer\widgets\player.py:1010> exception=TypeError("setMedia(self, media: QMediaContent, stream: typing.Optional[QIODevice] = None): argument 1 has unexpected type 'NoneType'")>
Traceback (most recent call last):
  File "Z:\Code\python\PyQt\PyQt\tests\MusicPlayer\widgets\player.py", line 1046, in loadRealMusicUrl
    self.playList.play()
  File "Z:\Code\python\PyQt\PyQt\tests\MusicPlayer\widgets\player.py", line 1381, in play
    self.parent.setMedia(media)
TypeError: setMedia(self, media: QMediaContent, stream: typing.Optional[QIODevice] = None): argument 1 has unexpected type 'NoneType'
INFO player  207 尝试添加歌曲到播放列表，歌曲信息: {'url': 'http(1, 1890256410)', 'name': 'Polozhenie', 'time': '02:25', 'author': 'Sassydee', 'music_img': 'http://p3.music.126.net/TVhW65tDM4rGrUdvU--cXQ==/109951170246650019.jpg', 'music_id': 1890256410, 'lyric': None} 

INFO player  1015 歌曲地址失效，尝试重新获取，id号: 1890256410
INFO netEaseApi  56 进行网易云Url请求, args: ('http://music.163.com/weapi/song/enhance/player/url',), kwargs: {'method': 'POST', 'data': {'params': 'ZuQkAFW4vhGT93pTy/9C+6K8q7KlhIeFjU6bfmKjdChRzxdHAx1RMMGYaiQf3JB8bAJ4tFANBoKYltE62G3y1vTOo7yuJCH4SVqhD/DoNDdxitdTKcYN6/bgSbAGrkjB', 'encSecKey': '7668aa4ed4775467e182653fa0453843ec648d93a5b5c1413d0d80fa7214e996d1e0027f43a19a11d3c1ddf72361adf63f9ffebdc362c0f34d2b7fb1f927e0883f38ed73b74734346eaece3356020c7b4454c93a8fedf5b1ad1457e2ff6eca9e314705856325f14f4e7acda55a57471c8b71cdea99cf20e4deac08e72f2addfc'}}
INFO player  1033 id 1890256410's response: [{'id': 1890256410, 'url': 'http://m701.music.126.net/20250217125303/2fa7ac8ae9d33c2b5db01ef6b979eb6d/jdymusic/obj/wo3DlMOGwrbDjj7DisKw/19576513905/5c0c/8d69/f490/da2489dc6db5de00ddf09ed9f3e5a734.mp3?vuutv=kcUQjPNFnDyIfoE23Y82kaAowrVZHPF9mA7oojfD2p9lxd/UhCEC2y5q51pRGDPQ9RDrfTNCAAb2QLZVE9BIG/QCLDARNuWR2acfBooXMmAsF+6NHXDcPgSo2cq0v+NZJe8PlRpilj1XrfbOX2pY3Q==', 'br': 128000, 'size': 2330166, 'md5': 'da2489dc6db5de00ddf09ed9f3e5a734', 'code': 200, 'expi': 1200, 'type': 'mp3', 'gain': 0.0, 'peak': 1.0, 'closedGain': 0.0, 'closedPeak': 0.0, 'fee': 8, 'uf': None, 'payed': 0, 'flag': 524292, 'canExtend': False, 'freeTrialInfo': None, 'level': 'standard', 'encodeType': 'mp3', 'channelLayout': None, 'freeTrialPrivilege': {'resConsumable': False, 'userConsumable': False, 'listenType': None, 'cannotListenReason': None, 'playReason': None, 'freeLimitTagType': None}, 'freeTimeTrialPrivilege': {'resConsumable': False, 'userConsumable': False, 'type': 0, 'remainTime': 0}, 'urlSource': 0, 'rightSource': 0, 'podcastCtrp': None, 'effectTypes': None, 'time': 145555, 'message': None, 'levelConfuse': None, 'musicId': '7808250250'}]
INFO qqApi  43 进行QQ Url请求, args: ('https://c.y.qq.com/splcloud/fcgi-bin/fcg_get_diss_by_tag.fcg?rnd=0.5136307078685405&g_tk=5381&jsonpCallback=getPlaylist&loginUin=0&hostUin=0&format=jsonp&inCharset=utf8&outCharset=utf-8&notice=0&platform=yqq&needNewCode=0&categoryId=10000000&sortId=5&sin=30&ein=59',), kwargs: {'method': 'GET', 'headers': {'Accept': 'text/html,application/xhtml+xml,application/xml;q=0.9,image/webp,*/*;q=0.8', 'Connection': 'keep-alive', 'Pragma': 'no-cache', 'Cache-Control': 'no-cache', 'Accept-Encoding': 'gzip,deflate,sdch', 'Accept-Language': 'zh-CN,zh;q=0.8', 'User-Agent': 'Mozilla/5.0 (Windows NT 6.1; WOW64) AppleWebKit/537.36 (KHTML, like Gecko) Chrome/45.0.2454.101 Safari/537.36', 'Host': 'c.y.qq.com', 'Referer': 'https://y.qq.com/portal/playlist.html'}}
INFO qqApi  43 进行QQ Url请求, args: ('https://c.y.qq.com/splcloud/fcgi-bin/fcg_get_diss_by_tag.fcg?rnd=0.5136307078685405&g_tk=5381&jsonpCallback=getPlaylist&loginUin=0&hostUin=0&format=jsonp&inCharset=utf8&outCharset=utf-8&notice=0&platform=yqq&needNewCode=0&categoryId=10000000&sortId=5&sin=30&ein=89',), kwargs: {'method': 'GET', 'headers': {'Accept': 'text/html,application/xhtml+xml,application/xml;q=0.9,image/webp,*/*;q=0.8', 'Connection': 'keep-alive', 'Pragma': 'no-cache', 'Cache-Control': 'no-cache', 'Accept-Encoding': 'gzip,deflate,sdch', 'Accept-Language': 'zh-CN,zh;q=0.8', 'User-Agent': 'Mozilla/5.0 (Windows NT 6.1; WOW64) AppleWebKit/537.36 (KHTML, like Gecko) Chrome/45.0.2454.101 Safari/537.36', 'Host': 'c.y.qq.com', 'Referer': 'https://y.qq.com/portal/playlist.html'}}
INFO qqApi  43 进行QQ Url请求, args: ('https://c.y.qq.com/splcloud/fcgi-bin/fcg_get_diss_by_tag.fcg?rnd=0.5136307078685405&g_tk=5381&jsonpCallback=getPlaylist&loginUin=0&hostUin=0&format=jsonp&inCharset=utf8&outCharset=utf-8&notice=0&platform=yqq&needNewCode=0&categoryId=10000000&sortId=5&sin=30&ein=119',), kwargs: {'method': 'GET', 'headers': {'Accept': 'text/html,application/xhtml+xml,application/xml;q=0.9,image/webp,*/*;q=0.8', 'Connection': 'keep-alive', 'Pragma': 'no-cache', 'Cache-Control': 'no-cache', 'Accept-Encoding': 'gzip,deflate,sdch', 'Accept-Language': 'zh-CN,zh;q=0.8', 'User-Agent': 'Mozilla/5.0 (Windows NT 6.1; WOW64) AppleWebKit/537.36 (KHTML, like Gecko) Chrome/45.0.2454.101 Safari/537.36', 'Host': 'c.y.qq.com', 'Referer': 'https://y.qq.com/portal/playlist.html'}}
INFO qqApi  43 进行QQ Url请求, args: ('https://shc.y.qq.com/qzone/fcg-bin/fcg_ucc_getcdinfo_byids_cp.fcg?type=1&json=1&utf8=1&onlysong=0&disstid=2065383188&format=jsonp&g_tk=5381&jsonpCallback=playlistinfoCallback&loginUin=0&hostUin=0&format=jsonp&inCharset=utf8&outCharset=utf-8&notice=0&platform=yqq&needNewCode=0',), kwargs: {'method': 'GET', 'headers': {'Accept': 'text/html,application/xhtml+xml,application/xml;q=0.9,image/webp,*/*;q=0.8', 'Connection': 'keep-alive', 'Pragma': 'no-cache', 'Cache-Control': 'no-cache', 'Accept-Encoding': 'gzip,deflate,sdch', 'Accept-Language': 'zh-CN,zh;q=0.8', 'User-Agent': 'Mozilla/5.0 (Windows NT 6.1; WOW64) AppleWebKit/537.36 (KHTML, like Gecko) Chrome/45.0.2454.101 Safari/537.36', 'Host': 'shc.y.qq.com', 'Referer': 'https://y.qq.com/portal/playlist.html'}}
INFO qqApi  43 进行QQ Url请求, args: ('https://c.y.qq.com/base/fcgi-bin/fcg_music_express_mobile3.fcg',), kwargs: {'method': 'GET', 'headers': {'Accept': 'text/html,application/xhtml+xml,application/xml;q=0.9,image/webp,*/*;q=0.8', 'Connection': 'keep-alive', 'Pragma': 'no-cache', 'Cache-Control': 'no-cache', 'Accept-Encoding': 'gzip,deflate,sdch', 'Accept-Language': 'zh-CN,zh;q=0.8', 'User-Agent': 'Mozilla/5.0 (Windows NT 6.1; WOW64) AppleWebKit/537.36 (KHTML, like Gecko) Chrome/45.0.2454.101 Safari/537.36', 'Host': 'c.y.qq.com', 'Referer': 'https://y.qq.com/portal/playlist.html'}, 'params': {'g_tk': '5381', 'jsonpCallback': 'MusicJsonCallback8571665793949388', 'loginUin': '0', 'hostUin': '0', 'format': 'json', 'inCharset': 'utf8', 'outCharset': 'utf-8', 'notice': '0', 'platform': 'yqq', 'needNewCode': '0', 'cid': '205361747', 'callback': 'MusicJsonCallback8571665793949388', 'uin': '0', 'songmid': '004QFzdk2Mre9f', 'filename': 'C400004QFzdk2Mre9f.m4a', 'guid': '3768717388'}}
INFO qqApi  43 进行QQ Url请求, args: ('https://c.y.qq.com/base/fcgi-bin/fcg_music_express_mobile3.fcg',), kwargs: {'method': 'GET', 'headers': {'Accept': 'text/html,application/xhtml+xml,application/xml;q=0.9,image/webp,*/*;q=0.8', 'Connection': 'keep-alive', 'Pragma': 'no-cache', 'Cache-Control': 'no-cache', 'Accept-Encoding': 'gzip,deflate,sdch', 'Accept-Language': 'zh-CN,zh;q=0.8', 'User-Agent': 'Mozilla/5.0 (Windows NT 6.1; WOW64) AppleWebKit/537.36 (KHTML, like Gecko) Chrome/45.0.2454.101 Safari/537.36', 'Host': 'c.y.qq.com', 'Referer': 'https://y.qq.com/portal/playlist.html'}, 'params': {'g_tk': '5381', 'jsonpCallback': 'MusicJsonCallback8571665793949388', 'loginUin': '0', 'hostUin': '0', 'format': 'json', 'inCharset': 'utf8', 'outCharset': 'utf-8', 'notice': '0', 'platform': 'yqq', 'needNewCode': '0', 'cid': '205361747', 'callback': 'MusicJsonCallback8571665793949388', 'uin': '0', 'songmid': '003Ue6Ia32q4gl', 'filename': 'C400003Ue6Ia32q4gl.m4a', 'guid': '3768717388'}}
INFO qqApi  43 进行QQ Url请求, args: ('https://c.y.qq.com/base/fcgi-bin/fcg_music_express_mobile3.fcg',), kwargs: {'method': 'GET', 'headers': {'Accept': 'text/html,application/xhtml+xml,application/xml;q=0.9,image/webp,*/*;q=0.8', 'Connection': 'keep-alive', 'Pragma': 'no-cache', 'Cache-Control': 'no-cache', 'Accept-Encoding': 'gzip,deflate,sdch', 'Accept-Language': 'zh-CN,zh;q=0.8', 'User-Agent': 'Mozilla/5.0 (Windows NT 6.1; WOW64) AppleWebKit/537.36 (KHTML, like Gecko) Chrome/45.0.2454.101 Safari/537.36', 'Host': 'c.y.qq.com', 'Referer': 'https://y.qq.com/portal/playlist.html'}, 'params': {'g_tk': '5381', 'jsonpCallback': 'MusicJsonCallback8571665793949388', 'loginUin': '0', 'hostUin': '0', 'format': 'json', 'inCharset': 'utf8', 'outCharset': 'utf-8', 'notice': '0', 'platform': 'yqq', 'needNewCode': '0', 'cid': '205361747', 'callback': 'MusicJsonCallback8571665793949388', 'uin': '0', 'songmid': '000ojLKG0twNWx', 'filename': 'C400000ojLKG0twNWx.m4a', 'guid': '3768717388'}}
INFO qqApi  43 进行QQ Url请求, args: ('https://c.y.qq.com/base/fcgi-bin/fcg_music_express_mobile3.fcg',), kwargs: {'method': 'GET', 'headers': {'Accept': 'text/html,application/xhtml+xml,application/xml;q=0.9,image/webp,*/*;q=0.8', 'Connection': 'keep-alive', 'Pragma': 'no-cache', 'Cache-Control': 'no-cache', 'Accept-Encoding': 'gzip,deflate,sdch', 'Accept-Language': 'zh-CN,zh;q=0.8', 'User-Agent': 'Mozilla/5.0 (Windows NT 6.1; WOW64) AppleWebKit/537.36 (KHTML, like Gecko) Chrome/45.0.2454.101 Safari/537.36', 'Host': 'c.y.qq.com', 'Referer': 'https://y.qq.com/portal/playlist.html'}, 'params': {'g_tk': '5381', 'jsonpCallback': 'MusicJsonCallback8571665793949388', 'loginUin': '0', 'hostUin': '0', 'format': 'json', 'inCharset': 'utf8', 'outCharset': 'utf-8', 'notice': '0', 'platform': 'yqq', 'needNewCode': '0', 'cid': '205361747', 'callback': 'MusicJsonCallback8571665793949388', 'uin': '0', 'songmid': '002bongo1BDtKz', 'filename': 'C400002bongo1BDtKz.m4a', 'guid': '3768717388'}}
INFO qqApi  43 进行QQ Url请求, args: ('https://c.y.qq.com/base/fcgi-bin/fcg_music_express_mobile3.fcg',), kwargs: {'method': 'GET', 'headers': {'Accept': 'text/html,application/xhtml+xml,application/xml;q=0.9,image/webp,*/*;q=0.8', 'Connection': 'keep-alive', 'Pragma': 'no-cache', 'Cache-Control': 'no-cache', 'Accept-Encoding': 'gzip,deflate,sdch', 'Accept-Language': 'zh-CN,zh;q=0.8', 'User-Agent': 'Mozilla/5.0 (Windows NT 6.1; WOW64) AppleWebKit/537.36 (KHTML, like Gecko) Chrome/45.0.2454.101 Safari/537.36', 'Host': 'c.y.qq.com', 'Referer': 'https://y.qq.com/portal/playlist.html'}, 'params': {'g_tk': '5381', 'jsonpCallback': 'MusicJsonCallback8571665793949388', 'loginUin': '0', 'hostUin': '0', 'format': 'json', 'inCharset': 'utf8', 'outCharset': 'utf-8', 'notice': '0', 'platform': 'yqq', 'needNewCode': '0', 'cid': '205361747', 'callback': 'MusicJsonCallback8571665793949388', 'uin': '0', 'songmid': '0036Qquz45f4Ag', 'filename': 'C4000036Qquz45f4Ag.m4a', 'guid': '3768717388'}}
INFO qqApi  43 进行QQ Url请求, args: ('https://c.y.qq.com/base/fcgi-bin/fcg_music_express_mobile3.fcg',), kwargs: {'method': 'GET', 'headers': {'Accept': 'text/html,application/xhtml+xml,application/xml;q=0.9,image/webp,*/*;q=0.8', 'Connection': 'keep-alive', 'Pragma': 'no-cache', 'Cache-Control': 'no-cache', 'Accept-Encoding': 'gzip,deflate,sdch', 'Accept-Language': 'zh-CN,zh;q=0.8', 'User-Agent': 'Mozilla/5.0 (Windows NT 6.1; WOW64) AppleWebKit/537.36 (KHTML, like Gecko) Chrome/45.0.2454.101 Safari/537.36', 'Host': 'c.y.qq.com', 'Referer': 'https://y.qq.com/portal/playlist.html'}, 'params': {'g_tk': '5381', 'jsonpCallback': 'MusicJsonCallback8571665793949388', 'loginUin': '0', 'hostUin': '0', 'format': 'json', 'inCharset': 'utf8', 'outCharset': 'utf-8', 'notice': '0', 'platform': 'yqq', 'needNewCode': '0', 'cid': '205361747', 'callback': 'MusicJsonCallback8571665793949388', 'uin': '0', 'songmid': '002WshFv11u44c', 'filename': 'C400002WshFv11u44c.m4a', 'guid': '3768717388'}}
INFO qqApi  43 进行QQ Url请求, args: ('https://c.y.qq.com/base/fcgi-bin/fcg_music_express_mobile3.fcg',), kwargs: {'method': 'GET', 'headers': {'Accept': 'text/html,application/xhtml+xml,application/xml;q=0.9,image/webp,*/*;q=0.8', 'Connection': 'keep-alive', 'Pragma': 'no-cache', 'Cache-Control': 'no-cache', 'Accept-Encoding': 'gzip,deflate,sdch', 'Accept-Language': 'zh-CN,zh;q=0.8', 'User-Agent': 'Mozilla/5.0 (Windows NT 6.1; WOW64) AppleWebKit/537.36 (KHTML, like Gecko) Chrome/45.0.2454.101 Safari/537.36', 'Host': 'c.y.qq.com', 'Referer': 'https://y.qq.com/portal/playlist.html'}, 'params': {'g_tk': '5381', 'jsonpCallback': 'MusicJsonCallback8571665793949388', 'loginUin': '0', 'hostUin': '0', 'format': 'json', 'inCharset': 'utf8', 'outCharset': 'utf-8', 'notice': '0', 'platform': 'yqq', 'needNewCode': '0', 'cid': '205361747', 'callback': 'MusicJsonCallback8571665793949388', 'uin': '0', 'songmid': '002wAxqc0RpVL5', 'filename': 'C400002wAxqc0RpVL5.m4a', 'guid': '3768717388'}}
INFO qqApi  43 进行QQ Url请求, args: ('https://c.y.qq.com/base/fcgi-bin/fcg_music_express_mobile3.fcg',), kwargs: {'method': 'GET', 'headers': {'Accept': 'text/html,application/xhtml+xml,application/xml;q=0.9,image/webp,*/*;q=0.8', 'Connection': 'keep-alive', 'Pragma': 'no-cache', 'Cache-Control': 'no-cache', 'Accept-Encoding': 'gzip,deflate,sdch', 'Accept-Language': 'zh-CN,zh;q=0.8', 'User-Agent': 'Mozilla/5.0 (Windows NT 6.1; WOW64) AppleWebKit/537.36 (KHTML, like Gecko) Chrome/45.0.2454.101 Safari/537.36', 'Host': 'c.y.qq.com', 'Referer': 'https://y.qq.com/portal/playlist.html'}, 'params': {'g_tk': '5381', 'jsonpCallback': 'MusicJsonCallback8571665793949388', 'loginUin': '0', 'hostUin': '0', 'format': 'json', 'inCharset': 'utf8', 'outCharset': 'utf-8', 'notice': '0', 'platform': 'yqq', 'needNewCode': '0', 'cid': '205361747', 'callback': 'MusicJsonCallback8571665793949388', 'uin': '0', 'songmid': '000CSKuF3w6Tzl', 'filename': 'C400000CSKuF3w6Tzl.m4a', 'guid': '3768717388'}}
INFO qqApi  43 进行QQ Url请求, args: ('https://c.y.qq.com/base/fcgi-bin/fcg_music_express_mobile3.fcg',), kwargs: {'method': 'GET', 'headers': {'Accept': 'text/html,application/xhtml+xml,application/xml;q=0.9,image/webp,*/*;q=0.8', 'Connection': 'keep-alive', 'Pragma': 'no-cache', 'Cache-Control': 'no-cache', 'Accept-Encoding': 'gzip,deflate,sdch', 'Accept-Language': 'zh-CN,zh;q=0.8', 'User-Agent': 'Mozilla/5.0 (Windows NT 6.1; WOW64) AppleWebKit/537.36 (KHTML, like Gecko) Chrome/45.0.2454.101 Safari/537.36', 'Host': 'c.y.qq.com', 'Referer': 'https://y.qq.com/portal/playlist.html'}, 'params': {'g_tk': '5381', 'jsonpCallback': 'MusicJsonCallback8571665793949388', 'loginUin': '0', 'hostUin': '0', 'format': 'json', 'inCharset': 'utf8', 'outCharset': 'utf-8', 'notice': '0', 'platform': 'yqq', 'needNewCode': '0', 'cid': '205361747', 'callback': 'MusicJsonCallback8571665793949388', 'uin': '0', 'songmid': '002GiI8831vE1a', 'filename': 'C400002GiI8831vE1a.m4a', 'guid': '3768717388'}}
INFO qqApi  43 进行QQ Url请求, args: ('https://c.y.qq.com/base/fcgi-bin/fcg_music_express_mobile3.fcg',), kwargs: {'method': 'GET', 'headers': {'Accept': 'text/html,application/xhtml+xml,application/xml;q=0.9,image/webp,*/*;q=0.8', 'Connection': 'keep-alive', 'Pragma': 'no-cache', 'Cache-Control': 'no-cache', 'Accept-Encoding': 'gzip,deflate,sdch', 'Accept-Language': 'zh-CN,zh;q=0.8', 'User-Agent': 'Mozilla/5.0 (Windows NT 6.1; WOW64) AppleWebKit/537.36 (KHTML, like Gecko) Chrome/45.0.2454.101 Safari/537.36', 'Host': 'c.y.qq.com', 'Referer': 'https://y.qq.com/portal/playlist.html'}, 'params': {'g_tk': '5381', 'jsonpCallback': 'MusicJsonCallback8571665793949388', 'loginUin': '0', 'hostUin': '0', 'format': 'json', 'inCharset': 'utf8', 'outCharset': 'utf-8', 'notice': '0', 'platform': 'yqq', 'needNewCode': '0', 'cid': '205361747', 'callback': 'MusicJsonCallback8571665793949388', 'uin': '0', 'songmid': '000vArrl4AAiKB', 'filename': 'C400000vArrl4AAiKB.m4a', 'guid': '3768717388'}}
INFO qqApi  43 进行QQ Url请求, args: ('https://c.y.qq.com/base/fcgi-bin/fcg_music_express_mobile3.fcg',), kwargs: {'method': 'GET', 'headers': {'Accept': 'text/html,application/xhtml+xml,application/xml;q=0.9,image/webp,*/*;q=0.8', 'Connection': 'keep-alive', 'Pragma': 'no-cache', 'Cache-Control': 'no-cache', 'Accept-Encoding': 'gzip,deflate,sdch', 'Accept-Language': 'zh-CN,zh;q=0.8', 'User-Agent': 'Mozilla/5.0 (Windows NT 6.1; WOW64) AppleWebKit/537.36 (KHTML, like Gecko) Chrome/45.0.2454.101 Safari/537.36', 'Host': 'c.y.qq.com', 'Referer': 'https://y.qq.com/portal/playlist.html'}, 'params': {'g_tk': '5381', 'jsonpCallback': 'MusicJsonCallback8571665793949388', 'loginUin': '0', 'hostUin': '0', 'format': 'json', 'inCharset': 'utf8', 'outCharset': 'utf-8', 'notice': '0', 'platform': 'yqq', 'needNewCode': '0', 'cid': '205361747', 'callback': 'MusicJsonCallback8571665793949388', 'uin': '0', 'songmid': '002k94ea4379uy', 'filename': 'C400002k94ea4379uy.m4a', 'guid': '3768717388'}}
INFO qqApi  43 进行QQ Url请求, args: ('https://c.y.qq.com/base/fcgi-bin/fcg_music_express_mobile3.fcg',), kwargs: {'method': 'GET', 'headers': {'Accept': 'text/html,application/xhtml+xml,application/xml;q=0.9,image/webp,*/*;q=0.8', 'Connection': 'keep-alive', 'Pragma': 'no-cache', 'Cache-Control': 'no-cache', 'Accept-Encoding': 'gzip,deflate,sdch', 'Accept-Language': 'zh-CN,zh;q=0.8', 'User-Agent': 'Mozilla/5.0 (Windows NT 6.1; WOW64) AppleWebKit/537.36 (KHTML, like Gecko) Chrome/45.0.2454.101 Safari/537.36', 'Host': 'c.y.qq.com', 'Referer': 'https://y.qq.com/portal/playlist.html'}, 'params': {'g_tk': '5381', 'jsonpCallback': 'MusicJsonCallback8571665793949388', 'loginUin': '0', 'hostUin': '0', 'format': 'json', 'inCharset': 'utf8', 'outCharset': 'utf-8', 'notice': '0', 'platform': 'yqq', 'needNewCode': '0', 'cid': '205361747', 'callback': 'MusicJsonCallback8571665793949388', 'uin': '0', 'songmid': '004gUiSQ1q2C3g', 'filename': 'C400004gUiSQ1q2C3g.m4a', 'guid': '3768717388'}}
INFO qqApi  43 进行QQ Url请求, args: ('https://c.y.qq.com/base/fcgi-bin/fcg_music_express_mobile3.fcg',), kwargs: {'method': 'GET', 'headers': {'Accept': 'text/html,application/xhtml+xml,application/xml;q=0.9,image/webp,*/*;q=0.8', 'Connection': 'keep-alive', 'Pragma': 'no-cache', 'Cache-Control': 'no-cache', 'Accept-Encoding': 'gzip,deflate,sdch', 'Accept-Language': 'zh-CN,zh;q=0.8', 'User-Agent': 'Mozilla/5.0 (Windows NT 6.1; WOW64) AppleWebKit/537.36 (KHTML, like Gecko) Chrome/45.0.2454.101 Safari/537.36', 'Host': 'c.y.qq.com', 'Referer': 'https://y.qq.com/portal/playlist.html'}, 'params': {'g_tk': '5381', 'jsonpCallback': 'MusicJsonCallback8571665793949388', 'loginUin': '0', 'hostUin': '0', 'format': 'json', 'inCharset': 'utf8', 'outCharset': 'utf-8', 'notice': '0', 'platform': 'yqq', 'needNewCode': '0', 'cid': '205361747', 'callback': 'MusicJsonCallback8571665793949388', 'uin': '0', 'songmid': '001xJbdb2MBaaz', 'filename': 'C400001xJbdb2MBaaz.m4a', 'guid': '3768717388'}}
INFO qqApi  43 进行QQ Url请求, args: ('https://c.y.qq.com/base/fcgi-bin/fcg_music_express_mobile3.fcg',), kwargs: {'method': 'GET', 'headers': {'Accept': 'text/html,application/xhtml+xml,application/xml;q=0.9,image/webp,*/*;q=0.8', 'Connection': 'keep-alive', 'Pragma': 'no-cache', 'Cache-Control': 'no-cache', 'Accept-Encoding': 'gzip,deflate,sdch', 'Accept-Language': 'zh-CN,zh;q=0.8', 'User-Agent': 'Mozilla/5.0 (Windows NT 6.1; WOW64) AppleWebKit/537.36 (KHTML, like Gecko) Chrome/45.0.2454.101 Safari/537.36', 'Host': 'c.y.qq.com', 'Referer': 'https://y.qq.com/portal/playlist.html'}, 'params': {'g_tk': '5381', 'jsonpCallback': 'MusicJsonCallback8571665793949388', 'loginUin': '0', 'hostUin': '0', 'format': 'json', 'inCharset': 'utf8', 'outCharset': 'utf-8', 'notice': '0', 'platform': 'yqq', 'needNewCode': '0', 'cid': '205361747', 'callback': 'MusicJsonCallback8571665793949388', 'uin': '0', 'songmid': '003a4fpT3R5jBa', 'filename': 'C400003a4fpT3R5jBa.m4a', 'guid': '3768717388'}}
INFO qqApi  43 进行QQ Url请求, args: ('https://c.y.qq.com/base/fcgi-bin/fcg_music_express_mobile3.fcg',), kwargs: {'method': 'GET', 'headers': {'Accept': 'text/html,application/xhtml+xml,application/xml;q=0.9,image/webp,*/*;q=0.8', 'Connection': 'keep-alive', 'Pragma': 'no-cache', 'Cache-Control': 'no-cache', 'Accept-Encoding': 'gzip,deflate,sdch', 'Accept-Language': 'zh-CN,zh;q=0.8', 'User-Agent': 'Mozilla/5.0 (Windows NT 6.1; WOW64) AppleWebKit/537.36 (KHTML, like Gecko) Chrome/45.0.2454.101 Safari/537.36', 'Host': 'c.y.qq.com', 'Referer': 'https://y.qq.com/portal/playlist.html'}, 'params': {'g_tk': '5381', 'jsonpCallback': 'MusicJsonCallback8571665793949388', 'loginUin': '0', 'hostUin': '0', 'format': 'json', 'inCharset': 'utf8', 'outCharset': 'utf-8', 'notice': '0', 'platform': 'yqq', 'needNewCode': '0', 'cid': '205361747', 'callback': 'MusicJsonCallback8571665793949388', 'uin': '0', 'songmid': '002pTIXQ3UVAVP', 'filename': 'C400002pTIXQ3UVAVP.m4a', 'guid': '3768717388'}}
INFO qqApi  43 进行QQ Url请求, args: ('https://c.y.qq.com/base/fcgi-bin/fcg_music_express_mobile3.fcg',), kwargs: {'method': 'GET', 'headers': {'Accept': 'text/html,application/xhtml+xml,application/xml;q=0.9,image/webp,*/*;q=0.8', 'Connection': 'keep-alive', 'Pragma': 'no-cache', 'Cache-Control': 'no-cache', 'Accept-Encoding': 'gzip,deflate,sdch', 'Accept-Language': 'zh-CN,zh;q=0.8', 'User-Agent': 'Mozilla/5.0 (Windows NT 6.1; WOW64) AppleWebKit/537.36 (KHTML, like Gecko) Chrome/45.0.2454.101 Safari/537.36', 'Host': 'c.y.qq.com', 'Referer': 'https://y.qq.com/portal/playlist.html'}, 'params': {'g_tk': '5381', 'jsonpCallback': 'MusicJsonCallback8571665793949388', 'loginUin': '0', 'hostUin': '0', 'format': 'json', 'inCharset': 'utf8', 'outCharset': 'utf-8', 'notice': '0', 'platform': 'yqq', 'needNewCode': '0', 'cid': '205361747', 'callback': 'MusicJsonCallback8571665793949388', 'uin': '0', 'songmid': '001RsqXx0VPRnu', 'filename': 'C400001RsqXx0VPRnu.m4a', 'guid': '3768717388'}}
INFO qqApi  43 进行QQ Url请求, args: ('https://c.y.qq.com/base/fcgi-bin/fcg_music_express_mobile3.fcg',), kwargs: {'method': 'GET', 'headers': {'Accept': 'text/html,application/xhtml+xml,application/xml;q=0.9,image/webp,*/*;q=0.8', 'Connection': 'keep-alive', 'Pragma': 'no-cache', 'Cache-Control': 'no-cache', 'Accept-Encoding': 'gzip,deflate,sdch', 'Accept-Language': 'zh-CN,zh;q=0.8', 'User-Agent': 'Mozilla/5.0 (Windows NT 6.1; WOW64) AppleWebKit/537.36 (KHTML, like Gecko) Chrome/45.0.2454.101 Safari/537.36', 'Host': 'c.y.qq.com', 'Referer': 'https://y.qq.com/portal/playlist.html'}, 'params': {'g_tk': '5381', 'jsonpCallback': 'MusicJsonCallback8571665793949388', 'loginUin': '0', 'hostUin': '0', 'format': 'json', 'inCharset': 'utf8', 'outCharset': 'utf-8', 'notice': '0', 'platform': 'yqq', 'needNewCode': '0', 'cid': '205361747', 'callback': 'MusicJsonCallback8571665793949388', 'uin': '0', 'songmid': '0006wDaG0uM808', 'filename': 'C4000006wDaG0uM808.m4a', 'guid': '3768717388'}}
INFO qqApi  43 进行QQ Url请求, args: ('https://c.y.qq.com/base/fcgi-bin/fcg_music_express_mobile3.fcg',), kwargs: {'method': 'GET', 'headers': {'Accept': 'text/html,application/xhtml+xml,application/xml;q=0.9,image/webp,*/*;q=0.8', 'Connection': 'keep-alive', 'Pragma': 'no-cache', 'Cache-Control': 'no-cache', 'Accept-Encoding': 'gzip,deflate,sdch', 'Accept-Language': 'zh-CN,zh;q=0.8', 'User-Agent': 'Mozilla/5.0 (Windows NT 6.1; WOW64) AppleWebKit/537.36 (KHTML, like Gecko) Chrome/45.0.2454.101 Safari/537.36', 'Host': 'c.y.qq.com', 'Referer': 'https://y.qq.com/portal/playlist.html'}, 'params': {'g_tk': '5381', 'jsonpCallback': 'MusicJsonCallback8571665793949388', 'loginUin': '0', 'hostUin': '0', 'format': 'json', 'inCharset': 'utf8', 'outCharset': 'utf-8', 'notice': '0', 'platform': 'yqq', 'needNewCode': '0', 'cid': '205361747', 'callback': 'MusicJsonCallback8571665793949388', 'uin': '0', 'songmid': '003GqODe4J5tXt', 'filename': 'C400003GqODe4J5tXt.m4a', 'guid': '3768717388'}}
INFO qqApi  43 进行QQ Url请求, args: ('https://c.y.qq.com/base/fcgi-bin/fcg_music_express_mobile3.fcg',), kwargs: {'method': 'GET', 'headers': {'Accept': 'text/html,application/xhtml+xml,application/xml;q=0.9,image/webp,*/*;q=0.8', 'Connection': 'keep-alive', 'Pragma': 'no-cache', 'Cache-Control': 'no-cache', 'Accept-Encoding': 'gzip,deflate,sdch', 'Accept-Language': 'zh-CN,zh;q=0.8', 'User-Agent': 'Mozilla/5.0 (Windows NT 6.1; WOW64) AppleWebKit/537.36 (KHTML, like Gecko) Chrome/45.0.2454.101 Safari/537.36', 'Host': 'c.y.qq.com', 'Referer': 'https://y.qq.com/portal/playlist.html'}, 'params': {'g_tk': '5381', 'jsonpCallback': 'MusicJsonCallback8571665793949388', 'loginUin': '0', 'hostUin': '0', 'format': 'json', 'inCharset': 'utf8', 'outCharset': 'utf-8', 'notice': '0', 'platform': 'yqq', 'needNewCode': '0', 'cid': '205361747', 'callback': 'MusicJsonCallback8571665793949388', 'uin': '0', 'songmid': '000BwBuO1JOjEx', 'filename': 'C400000BwBuO1JOjEx.m4a', 'guid': '3768717388'}}
INFO qqApi  43 进行QQ Url请求, args: ('https://c.y.qq.com/base/fcgi-bin/fcg_music_express_mobile3.fcg',), kwargs: {'method': 'GET', 'headers': {'Accept': 'text/html,application/xhtml+xml,application/xml;q=0.9,image/webp,*/*;q=0.8', 'Connection': 'keep-alive', 'Pragma': 'no-cache', 'Cache-Control': 'no-cache', 'Accept-Encoding': 'gzip,deflate,sdch', 'Accept-Language': 'zh-CN,zh;q=0.8', 'User-Agent': 'Mozilla/5.0 (Windows NT 6.1; WOW64) AppleWebKit/537.36 (KHTML, like Gecko) Chrome/45.0.2454.101 Safari/537.36', 'Host': 'c.y.qq.com', 'Referer': 'https://y.qq.com/portal/playlist.html'}, 'params': {'g_tk': '5381', 'jsonpCallback': 'MusicJsonCallback8571665793949388', 'loginUin': '0', 'hostUin': '0', 'format': 'json', 'inCharset': 'utf8', 'outCharset': 'utf-8', 'notice': '0', 'platform': 'yqq', 'needNewCode': '0', 'cid': '205361747', 'callback': 'MusicJsonCallback8571665793949388', 'uin': '0', 'songmid': '003HVov811KN0l', 'filename': 'C400003HVov811KN0l.m4a', 'guid': '3768717388'}}
INFO qqApi  43 进行QQ Url请求, args: ('https://c.y.qq.com/base/fcgi-bin/fcg_music_express_mobile3.fcg',), kwargs: {'method': 'GET', 'headers': {'Accept': 'text/html,application/xhtml+xml,application/xml;q=0.9,image/webp,*/*;q=0.8', 'Connection': 'keep-alive', 'Pragma': 'no-cache', 'Cache-Control': 'no-cache', 'Accept-Encoding': 'gzip,deflate,sdch', 'Accept-Language': 'zh-CN,zh;q=0.8', 'User-Agent': 'Mozilla/5.0 (Windows NT 6.1; WOW64) AppleWebKit/537.36 (KHTML, like Gecko) Chrome/45.0.2454.101 Safari/537.36', 'Host': 'c.y.qq.com', 'Referer': 'https://y.qq.com/portal/playlist.html'}, 'params': {'g_tk': '5381', 'jsonpCallback': 'MusicJsonCallback8571665793949388', 'loginUin': '0', 'hostUin': '0', 'format': 'json', 'inCharset': 'utf8', 'outCharset': 'utf-8', 'notice': '0', 'platform': 'yqq', 'needNewCode': '0', 'cid': '205361747', 'callback': 'MusicJsonCallback8571665793949388', 'uin': '0', 'songmid': '002JvB450vdkCr', 'filename': 'C400002JvB450vdkCr.m4a', 'guid': '3768717388'}}
INFO qqApi  43 进行QQ Url请求, args: ('https://c.y.qq.com/base/fcgi-bin/fcg_music_express_mobile3.fcg',), kwargs: {'method': 'GET', 'headers': {'Accept': 'text/html,application/xhtml+xml,application/xml;q=0.9,image/webp,*/*;q=0.8', 'Connection': 'keep-alive', 'Pragma': 'no-cache', 'Cache-Control': 'no-cache', 'Accept-Encoding': 'gzip,deflate,sdch', 'Accept-Language': 'zh-CN,zh;q=0.8', 'User-Agent': 'Mozilla/5.0 (Windows NT 6.1; WOW64) AppleWebKit/537.36 (KHTML, like Gecko) Chrome/45.0.2454.101 Safari/537.36', 'Host': 'c.y.qq.com', 'Referer': 'https://y.qq.com/portal/playlist.html'}, 'params': {'g_tk': '5381', 'jsonpCallback': 'MusicJsonCallback8571665793949388', 'loginUin': '0', 'hostUin': '0', 'format': 'json', 'inCharset': 'utf8', 'outCharset': 'utf-8', 'notice': '0', 'platform': 'yqq', 'needNewCode': '0', 'cid': '205361747', 'callback': 'MusicJsonCallback8571665793949388', 'uin': '0', 'songmid': '004ZX0AQ49Bc8Y', 'filename': 'C400004ZX0AQ49Bc8Y.m4a', 'guid': '3768717388'}}
INFO qqApi  43 进行QQ Url请求, args: ('https://c.y.qq.com/base/fcgi-bin/fcg_music_express_mobile3.fcg',), kwargs: {'method': 'GET', 'headers': {'Accept': 'text/html,application/xhtml+xml,application/xml;q=0.9,image/webp,*/*;q=0.8', 'Connection': 'keep-alive', 'Pragma': 'no-cache', 'Cache-Control': 'no-cache', 'Accept-Encoding': 'gzip,deflate,sdch', 'Accept-Language': 'zh-CN,zh;q=0.8', 'User-Agent': 'Mozilla/5.0 (Windows NT 6.1; WOW64) AppleWebKit/537.36 (KHTML, like Gecko) Chrome/45.0.2454.101 Safari/537.36', 'Host': 'c.y.qq.com', 'Referer': 'https://y.qq.com/portal/playlist.html'}, 'params': {'g_tk': '5381', 'jsonpCallback': 'MusicJsonCallback8571665793949388', 'loginUin': '0', 'hostUin': '0', 'format': 'json', 'inCharset': 'utf8', 'outCharset': 'utf-8', 'notice': '0', 'platform': 'yqq', 'needNewCode': '0', 'cid': '205361747', 'callback': 'MusicJsonCallback8571665793949388', 'uin': '0', 'songmid': '002Hy9zT0bwveb', 'filename': 'C400002Hy9zT0bwveb.m4a', 'guid': '3768717388'}}
INFO qqApi  43 进行QQ Url请求, args: ('https://c.y.qq.com/base/fcgi-bin/fcg_music_express_mobile3.fcg',), kwargs: {'method': 'GET', 'headers': {'Accept': 'text/html,application/xhtml+xml,application/xml;q=0.9,image/webp,*/*;q=0.8', 'Connection': 'keep-alive', 'Pragma': 'no-cache', 'Cache-Control': 'no-cache', 'Accept-Encoding': 'gzip,deflate,sdch', 'Accept-Language': 'zh-CN,zh;q=0.8', 'User-Agent': 'Mozilla/5.0 (Windows NT 6.1; WOW64) AppleWebKit/537.36 (KHTML, like Gecko) Chrome/45.0.2454.101 Safari/537.36', 'Host': 'c.y.qq.com', 'Referer': 'https://y.qq.com/portal/playlist.html'}, 'params': {'g_tk': '5381', 'jsonpCallback': 'MusicJsonCallback8571665793949388', 'loginUin': '0', 'hostUin': '0', 'format': 'json', 'inCharset': 'utf8', 'outCharset': 'utf-8', 'notice': '0', 'platform': 'yqq', 'needNewCode': '0', 'cid': '205361747', 'callback': 'MusicJsonCallback8571665793949388', 'uin': '0', 'songmid': '000Q9GUP2MeEmC', 'filename': 'C400000Q9GUP2MeEmC.m4a', 'guid': '3768717388'}}
INFO qqApi  43 进行QQ Url请求, args: ('https://c.y.qq.com/base/fcgi-bin/fcg_music_express_mobile3.fcg',), kwargs: {'method': 'GET', 'headers': {'Accept': 'text/html,application/xhtml+xml,application/xml;q=0.9,image/webp,*/*;q=0.8', 'Connection': 'keep-alive', 'Pragma': 'no-cache', 'Cache-Control': 'no-cache', 'Accept-Encoding': 'gzip,deflate,sdch', 'Accept-Language': 'zh-CN,zh;q=0.8', 'User-Agent': 'Mozilla/5.0 (Windows NT 6.1; WOW64) AppleWebKit/537.36 (KHTML, like Gecko) Chrome/45.0.2454.101 Safari/537.36', 'Host': 'c.y.qq.com', 'Referer': 'https://y.qq.com/portal/playlist.html'}, 'params': {'g_tk': '5381', 'jsonpCallback': 'MusicJsonCallback8571665793949388', 'loginUin': '0', 'hostUin': '0', 'format': 'json', 'inCharset': 'utf8', 'outCharset': 'utf-8', 'notice': '0', 'platform': 'yqq', 'needNewCode': '0', 'cid': '205361747', 'callback': 'MusicJsonCallback8571665793949388', 'uin': '0', 'songmid': '003Eu6fg2sh4Pq', 'filename': 'C400003Eu6fg2sh4Pq.m4a', 'guid': '3768717388'}}
INFO qqApi  43 进行QQ Url请求, args: ('https://c.y.qq.com/base/fcgi-bin/fcg_music_express_mobile3.fcg',), kwargs: {'method': 'GET', 'headers': {'Accept': 'text/html,application/xhtml+xml,application/xml;q=0.9,image/webp,*/*;q=0.8', 'Connection': 'keep-alive', 'Pragma': 'no-cache', 'Cache-Control': 'no-cache', 'Accept-Encoding': 'gzip,deflate,sdch', 'Accept-Language': 'zh-CN,zh;q=0.8', 'User-Agent': 'Mozilla/5.0 (Windows NT 6.1; WOW64) AppleWebKit/537.36 (KHTML, like Gecko) Chrome/45.0.2454.101 Safari/537.36', 'Host': 'c.y.qq.com', 'Referer': 'https://y.qq.com/portal/playlist.html'}, 'params': {'g_tk': '5381', 'jsonpCallback': 'MusicJsonCallback8571665793949388', 'loginUin': '0', 'hostUin': '0', 'format': 'json', 'inCharset': 'utf8', 'outCharset': 'utf-8', 'notice': '0', 'platform': 'yqq', 'needNewCode': '0', 'cid': '205361747', 'callback': 'MusicJsonCallback8571665793949388', 'uin': '0', 'songmid': '000Q3vqG3GaDXl', 'filename': 'C400000Q3vqG3GaDXl.m4a', 'guid': '3768717388'}}
INFO qqApi  43 进行QQ Url请求, args: ('https://c.y.qq.com/base/fcgi-bin/fcg_music_express_mobile3.fcg',), kwargs: {'method': 'GET', 'headers': {'Accept': 'text/html,application/xhtml+xml,application/xml;q=0.9,image/webp,*/*;q=0.8', 'Connection': 'keep-alive', 'Pragma': 'no-cache', 'Cache-Control': 'no-cache', 'Accept-Encoding': 'gzip,deflate,sdch', 'Accept-Language': 'zh-CN,zh;q=0.8', 'User-Agent': 'Mozilla/5.0 (Windows NT 6.1; WOW64) AppleWebKit/537.36 (KHTML, like Gecko) Chrome/45.0.2454.101 Safari/537.36', 'Host': 'c.y.qq.com', 'Referer': 'https://y.qq.com/portal/playlist.html'}, 'params': {'g_tk': '5381', 'jsonpCallback': 'MusicJsonCallback8571665793949388', 'loginUin': '0', 'hostUin': '0', 'format': 'json', 'inCharset': 'utf8', 'outCharset': 'utf-8', 'notice': '0', 'platform': 'yqq', 'needNewCode': '0', 'cid': '205361747', 'callback': 'MusicJsonCallback8571665793949388', 'uin': '0', 'songmid': '000Y4byc1P2fL7', 'filename': 'C400000Y4byc1P2fL7.m4a', 'guid': '3768717388'}}
INFO qqApi  43 进行QQ Url请求, args: ('https://c.y.qq.com/base/fcgi-bin/fcg_music_express_mobile3.fcg',), kwargs: {'method': 'GET', 'headers': {'Accept': 'text/html,application/xhtml+xml,application/xml;q=0.9,image/webp,*/*;q=0.8', 'Connection': 'keep-alive', 'Pragma': 'no-cache', 'Cache-Control': 'no-cache', 'Accept-Encoding': 'gzip,deflate,sdch', 'Accept-Language': 'zh-CN,zh;q=0.8', 'User-Agent': 'Mozilla/5.0 (Windows NT 6.1; WOW64) AppleWebKit/537.36 (KHTML, like Gecko) Chrome/45.0.2454.101 Safari/537.36', 'Host': 'c.y.qq.com', 'Referer': 'https://y.qq.com/portal/playlist.html'}, 'params': {'g_tk': '5381', 'jsonpCallback': 'MusicJsonCallback8571665793949388', 'loginUin': '0', 'hostUin': '0', 'format': 'json', 'inCharset': 'utf8', 'outCharset': 'utf-8', 'notice': '0', 'platform': 'yqq', 'needNewCode': '0', 'cid': '205361747', 'callback': 'MusicJsonCallback8571665793949388', 'uin': '0', 'songmid': '000tDl300uRW4V', 'filename': 'C400000tDl300uRW4V.m4a', 'guid': '3768717388'}}
INFO qqApi  43 进行QQ Url请求, args: ('https://c.y.qq.com/base/fcgi-bin/fcg_music_express_mobile3.fcg',), kwargs: {'method': 'GET', 'headers': {'Accept': 'text/html,application/xhtml+xml,application/xml;q=0.9,image/webp,*/*;q=0.8', 'Connection': 'keep-alive', 'Pragma': 'no-cache', 'Cache-Control': 'no-cache', 'Accept-Encoding': 'gzip,deflate,sdch', 'Accept-Language': 'zh-CN,zh;q=0.8', 'User-Agent': 'Mozilla/5.0 (Windows NT 6.1; WOW64) AppleWebKit/537.36 (KHTML, like Gecko) Chrome/45.0.2454.101 Safari/537.36', 'Host': 'c.y.qq.com', 'Referer': 'https://y.qq.com/portal/playlist.html'}, 'params': {'g_tk': '5381', 'jsonpCallback': 'MusicJsonCallback8571665793949388', 'loginUin': '0', 'hostUin': '0', 'format': 'json', 'inCharset': 'utf8', 'outCharset': 'utf-8', 'notice': '0', 'platform': 'yqq', 'needNewCode': '0', 'cid': '205361747', 'callback': 'MusicJsonCallback8571665793949388', 'uin': '0', 'songmid': '001R67eW4YBJXa', 'filename': 'C400001R67eW4YBJXa.m4a', 'guid': '3768717388'}}
INFO qqApi  43 进行QQ Url请求, args: ('https://c.y.qq.com/base/fcgi-bin/fcg_music_express_mobile3.fcg',), kwargs: {'method': 'GET', 'headers': {'Accept': 'text/html,application/xhtml+xml,application/xml;q=0.9,image/webp,*/*;q=0.8', 'Connection': 'keep-alive', 'Pragma': 'no-cache', 'Cache-Control': 'no-cache', 'Accept-Encoding': 'gzip,deflate,sdch', 'Accept-Language': 'zh-CN,zh;q=0.8', 'User-Agent': 'Mozilla/5.0 (Windows NT 6.1; WOW64) AppleWebKit/537.36 (KHTML, like Gecko) Chrome/45.0.2454.101 Safari/537.36', 'Host': 'c.y.qq.com', 'Referer': 'https://y.qq.com/portal/playlist.html'}, 'params': {'g_tk': '5381', 'jsonpCallback': 'MusicJsonCallback8571665793949388', 'loginUin': '0', 'hostUin': '0', 'format': 'json', 'inCharset': 'utf8', 'outCharset': 'utf-8', 'notice': '0', 'platform': 'yqq', 'needNewCode': '0', 'cid': '205361747', 'callback': 'MusicJsonCallback8571665793949388', 'uin': '0', 'songmid': '000uID4Z47cx9h', 'filename': 'C400000uID4Z47cx9h.m4a', 'guid': '3768717388'}}
INFO qqApi  43 进行QQ Url请求, args: ('https://c.y.qq.com/base/fcgi-bin/fcg_music_express_mobile3.fcg',), kwargs: {'method': 'GET', 'headers': {'Accept': 'text/html,application/xhtml+xml,application/xml;q=0.9,image/webp,*/*;q=0.8', 'Connection': 'keep-alive', 'Pragma': 'no-cache', 'Cache-Control': 'no-cache', 'Accept-Encoding': 'gzip,deflate,sdch', 'Accept-Language': 'zh-CN,zh;q=0.8', 'User-Agent': 'Mozilla/5.0 (Windows NT 6.1; WOW64) AppleWebKit/537.36 (KHTML, like Gecko) Chrome/45.0.2454.101 Safari/537.36', 'Host': 'c.y.qq.com', 'Referer': 'https://y.qq.com/portal/playlist.html'}, 'params': {'g_tk': '5381', 'jsonpCallback': 'MusicJsonCallback8571665793949388', 'loginUin': '0', 'hostUin': '0', 'format': 'json', 'inCharset': 'utf8', 'outCharset': 'utf-8', 'notice': '0', 'platform': 'yqq', 'needNewCode': '0', 'cid': '205361747', 'callback': 'MusicJsonCallback8571665793949388', 'uin': '0', 'songmid': '003iTLLw3X7eOP', 'filename': 'C400003iTLLw3X7eOP.m4a', 'guid': '3768717388'}}
INFO qqApi  43 进行QQ Url请求, args: ('https://c.y.qq.com/base/fcgi-bin/fcg_music_express_mobile3.fcg',), kwargs: {'method': 'GET', 'headers': {'Accept': 'text/html,application/xhtml+xml,application/xml;q=0.9,image/webp,*/*;q=0.8', 'Connection': 'keep-alive', 'Pragma': 'no-cache', 'Cache-Control': 'no-cache', 'Accept-Encoding': 'gzip,deflate,sdch', 'Accept-Language': 'zh-CN,zh;q=0.8', 'User-Agent': 'Mozilla/5.0 (Windows NT 6.1; WOW64) AppleWebKit/537.36 (KHTML, like Gecko) Chrome/45.0.2454.101 Safari/537.36', 'Host': 'c.y.qq.com', 'Referer': 'https://y.qq.com/portal/playlist.html'}, 'params': {'g_tk': '5381', 'jsonpCallback': 'MusicJsonCallback8571665793949388', 'loginUin': '0', 'hostUin': '0', 'format': 'json', 'inCharset': 'utf8', 'outCharset': 'utf-8', 'notice': '0', 'platform': 'yqq', 'needNewCode': '0', 'cid': '205361747', 'callback': 'MusicJsonCallback8571665793949388', 'uin': '0', 'songmid': '0015TqiY15Omdk', 'filename': 'C4000015TqiY15Omdk.m4a', 'guid': '3768717388'}}
INFO qqApi  43 进行QQ Url请求, args: ('https://c.y.qq.com/base/fcgi-bin/fcg_music_express_mobile3.fcg',), kwargs: {'method': 'GET', 'headers': {'Accept': 'text/html,application/xhtml+xml,application/xml;q=0.9,image/webp,*/*;q=0.8', 'Connection': 'keep-alive', 'Pragma': 'no-cache', 'Cache-Control': 'no-cache', 'Accept-Encoding': 'gzip,deflate,sdch', 'Accept-Language': 'zh-CN,zh;q=0.8', 'User-Agent': 'Mozilla/5.0 (Windows NT 6.1; WOW64) AppleWebKit/537.36 (KHTML, like Gecko) Chrome/45.0.2454.101 Safari/537.36', 'Host': 'c.y.qq.com', 'Referer': 'https://y.qq.com/portal/playlist.html'}, 'params': {'g_tk': '5381', 'jsonpCallback': 'MusicJsonCallback8571665793949388', 'loginUin': '0', 'hostUin': '0', 'format': 'json', 'inCharset': 'utf8', 'outCharset': 'utf-8', 'notice': '0', 'platform': 'yqq', 'needNewCode': '0', 'cid': '205361747', 'callback': 'MusicJsonCallback8571665793949388', 'uin': '0', 'songmid': '002HoAom1dqY06', 'filename': 'C400002HoAom1dqY06.m4a', 'guid': '3768717388'}}
INFO qqApi  43 进行QQ Url请求, args: ('https://c.y.qq.com/base/fcgi-bin/fcg_music_express_mobile3.fcg',), kwargs: {'method': 'GET', 'headers': {'Accept': 'text/html,application/xhtml+xml,application/xml;q=0.9,image/webp,*/*;q=0.8', 'Connection': 'keep-alive', 'Pragma': 'no-cache', 'Cache-Control': 'no-cache', 'Accept-Encoding': 'gzip,deflate,sdch', 'Accept-Language': 'zh-CN,zh;q=0.8', 'User-Agent': 'Mozilla/5.0 (Windows NT 6.1; WOW64) AppleWebKit/537.36 (KHTML, like Gecko) Chrome/45.0.2454.101 Safari/537.36', 'Host': 'c.y.qq.com', 'Referer': 'https://y.qq.com/portal/playlist.html'}, 'params': {'g_tk': '5381', 'jsonpCallback': 'MusicJsonCallback8571665793949388', 'loginUin': '0', 'hostUin': '0', 'format': 'json', 'inCharset': 'utf8', 'outCharset': 'utf-8', 'notice': '0', 'platform': 'yqq', 'needNewCode': '0', 'cid': '205361747', 'callback': 'MusicJsonCallback8571665793949388', 'uin': '0', 'songmid': '000524z9415pc9', 'filename': 'C400000524z9415pc9.m4a', 'guid': '3768717388'}}
INFO qqApi  43 进行QQ Url请求, args: ('https://c.y.qq.com/base/fcgi-bin/fcg_music_express_mobile3.fcg',), kwargs: {'method': 'GET', 'headers': {'Accept': 'text/html,application/xhtml+xml,application/xml;q=0.9,image/webp,*/*;q=0.8', 'Connection': 'keep-alive', 'Pragma': 'no-cache', 'Cache-Control': 'no-cache', 'Accept-Encoding': 'gzip,deflate,sdch', 'Accept-Language': 'zh-CN,zh;q=0.8', 'User-Agent': 'Mozilla/5.0 (Windows NT 6.1; WOW64) AppleWebKit/537.36 (KHTML, like Gecko) Chrome/45.0.2454.101 Safari/537.36', 'Host': 'c.y.qq.com', 'Referer': 'https://y.qq.com/portal/playlist.html'}, 'params': {'g_tk': '5381', 'jsonpCallback': 'MusicJsonCallback8571665793949388', 'loginUin': '0', 'hostUin': '0', 'format': 'json', 'inCharset': 'utf8', 'outCharset': 'utf-8', 'notice': '0', 'platform': 'yqq', 'needNewCode': '0', 'cid': '205361747', 'callback': 'MusicJsonCallback8571665793949388', 'uin': '0', 'songmid': '002J4pJE1PZC2N', 'filename': 'C400002J4pJE1PZC2N.m4a', 'guid': '3768717388'}}
INFO qqApi  43 进行QQ Url请求, args: ('https://c.y.qq.com/base/fcgi-bin/fcg_music_express_mobile3.fcg',), kwargs: {'method': 'GET', 'headers': {'Accept': 'text/html,application/xhtml+xml,application/xml;q=0.9,image/webp,*/*;q=0.8', 'Connection': 'keep-alive', 'Pragma': 'no-cache', 'Cache-Control': 'no-cache', 'Accept-Encoding': 'gzip,deflate,sdch', 'Accept-Language': 'zh-CN,zh;q=0.8', 'User-Agent': 'Mozilla/5.0 (Windows NT 6.1; WOW64) AppleWebKit/537.36 (KHTML, like Gecko) Chrome/45.0.2454.101 Safari/537.36', 'Host': 'c.y.qq.com', 'Referer': 'https://y.qq.com/portal/playlist.html'}, 'params': {'g_tk': '5381', 'jsonpCallback': 'MusicJsonCallback8571665793949388', 'loginUin': '0', 'hostUin': '0', 'format': 'json', 'inCharset': 'utf8', 'outCharset': 'utf-8', 'notice': '0', 'platform': 'yqq', 'needNewCode': '0', 'cid': '205361747', 'callback': 'MusicJsonCallback8571665793949388', 'uin': '0', 'songmid': '001KN8kQ0GftIO', 'filename': 'C400001KN8kQ0GftIO.m4a', 'guid': '3768717388'}}
INFO qqApi  43 进行QQ Url请求, args: ('https://c.y.qq.com/base/fcgi-bin/fcg_music_express_mobile3.fcg',), kwargs: {'method': 'GET', 'headers': {'Accept': 'text/html,application/xhtml+xml,application/xml;q=0.9,image/webp,*/*;q=0.8', 'Connection': 'keep-alive', 'Pragma': 'no-cache', 'Cache-Control': 'no-cache', 'Accept-Encoding': 'gzip,deflate,sdch', 'Accept-Language': 'zh-CN,zh;q=0.8', 'User-Agent': 'Mozilla/5.0 (Windows NT 6.1; WOW64) AppleWebKit/537.36 (KHTML, like Gecko) Chrome/45.0.2454.101 Safari/537.36', 'Host': 'c.y.qq.com', 'Referer': 'https://y.qq.com/portal/playlist.html'}, 'params': {'g_tk': '5381', 'jsonpCallback': 'MusicJsonCallback8571665793949388', 'loginUin': '0', 'hostUin': '0', 'format': 'json', 'inCharset': 'utf8', 'outCharset': 'utf-8', 'notice': '0', 'platform': 'yqq', 'needNewCode': '0', 'cid': '205361747', 'callback': 'MusicJsonCallback8571665793949388', 'uin': '0', 'songmid': '001ipYiN35veF3', 'filename': 'C400001ipYiN35veF3.m4a', 'guid': '3768717388'}}
INFO qqApi  43 进行QQ Url请求, args: ('https://c.y.qq.com/base/fcgi-bin/fcg_music_express_mobile3.fcg',), kwargs: {'method': 'GET', 'headers': {'Accept': 'text/html,application/xhtml+xml,application/xml;q=0.9,image/webp,*/*;q=0.8', 'Connection': 'keep-alive', 'Pragma': 'no-cache', 'Cache-Control': 'no-cache', 'Accept-Encoding': 'gzip,deflate,sdch', 'Accept-Language': 'zh-CN,zh;q=0.8', 'User-Agent': 'Mozilla/5.0 (Windows NT 6.1; WOW64) AppleWebKit/537.36 (KHTML, like Gecko) Chrome/45.0.2454.101 Safari/537.36', 'Host': 'c.y.qq.com', 'Referer': 'https://y.qq.com/portal/playlist.html'}, 'params': {'g_tk': '5381', 'jsonpCallback': 'MusicJsonCallback8571665793949388', 'loginUin': '0', 'hostUin': '0', 'format': 'json', 'inCharset': 'utf8', 'outCharset': 'utf-8', 'notice': '0', 'platform': 'yqq', 'needNewCode': '0', 'cid': '205361747', 'callback': 'MusicJsonCallback8571665793949388', 'uin': '0', 'songmid': '003yqTeA0o5pF7', 'filename': 'C400003yqTeA0o5pF7.m4a', 'guid': '3768717388'}}
INFO qqApi  43 进行QQ Url请求, args: ('https://c.y.qq.com/base/fcgi-bin/fcg_music_express_mobile3.fcg',), kwargs: {'method': 'GET', 'headers': {'Accept': 'text/html,application/xhtml+xml,application/xml;q=0.9,image/webp,*/*;q=0.8', 'Connection': 'keep-alive', 'Pragma': 'no-cache', 'Cache-Control': 'no-cache', 'Accept-Encoding': 'gzip,deflate,sdch', 'Accept-Language': 'zh-CN,zh;q=0.8', 'User-Agent': 'Mozilla/5.0 (Windows NT 6.1; WOW64) AppleWebKit/537.36 (KHTML, like Gecko) Chrome/45.0.2454.101 Safari/537.36', 'Host': 'c.y.qq.com', 'Referer': 'https://y.qq.com/portal/playlist.html'}, 'params': {'g_tk': '5381', 'jsonpCallback': 'MusicJsonCallback8571665793949388', 'loginUin': '0', 'hostUin': '0', 'format': 'json', 'inCharset': 'utf8', 'outCharset': 'utf-8', 'notice': '0', 'platform': 'yqq', 'needNewCode': '0', 'cid': '205361747', 'callback': 'MusicJsonCallback8571665793949388', 'uin': '0', 'songmid': '0032hBG503yOCR', 'filename': 'C4000032hBG503yOCR.m4a', 'guid': '3768717388'}}
INFO qqApi  43 进行QQ Url请求, args: ('https://c.y.qq.com/base/fcgi-bin/fcg_music_express_mobile3.fcg',), kwargs: {'method': 'GET', 'headers': {'Accept': 'text/html,application/xhtml+xml,application/xml;q=0.9,image/webp,*/*;q=0.8', 'Connection': 'keep-alive', 'Pragma': 'no-cache', 'Cache-Control': 'no-cache', 'Accept-Encoding': 'gzip,deflate,sdch', 'Accept-Language': 'zh-CN,zh;q=0.8', 'User-Agent': 'Mozilla/5.0 (Windows NT 6.1; WOW64) AppleWebKit/537.36 (KHTML, like Gecko) Chrome/45.0.2454.101 Safari/537.36', 'Host': 'c.y.qq.com', 'Referer': 'https://y.qq.com/portal/playlist.html'}, 'params': {'g_tk': '5381', 'jsonpCallback': 'MusicJsonCallback8571665793949388', 'loginUin': '0', 'hostUin': '0', 'format': 'json', 'inCharset': 'utf8', 'outCharset': 'utf-8', 'notice': '0', 'platform': 'yqq', 'needNewCode': '0', 'cid': '205361747', 'callback': 'MusicJsonCallback8571665793949388', 'uin': '0', 'songmid': '003Zqfz50b4foo', 'filename': 'C400003Zqfz50b4foo.m4a', 'guid': '3768717388'}}
INFO qqApi  43 进行QQ Url请求, args: ('https://c.y.qq.com/base/fcgi-bin/fcg_music_express_mobile3.fcg',), kwargs: {'method': 'GET', 'headers': {'Accept': 'text/html,application/xhtml+xml,application/xml;q=0.9,image/webp,*/*;q=0.8', 'Connection': 'keep-alive', 'Pragma': 'no-cache', 'Cache-Control': 'no-cache', 'Accept-Encoding': 'gzip,deflate,sdch', 'Accept-Language': 'zh-CN,zh;q=0.8', 'User-Agent': 'Mozilla/5.0 (Windows NT 6.1; WOW64) AppleWebKit/537.36 (KHTML, like Gecko) Chrome/45.0.2454.101 Safari/537.36', 'Host': 'c.y.qq.com', 'Referer': 'https://y.qq.com/portal/playlist.html'}, 'params': {'g_tk': '5381', 'jsonpCallback': 'MusicJsonCallback8571665793949388', 'loginUin': '0', 'hostUin': '0', 'format': 'json', 'inCharset': 'utf8', 'outCharset': 'utf-8', 'notice': '0', 'platform': 'yqq', 'needNewCode': '0', 'cid': '205361747', 'callback': 'MusicJsonCallback8571665793949388', 'uin': '0', 'songmid': '003rT5sc2qtsky', 'filename': 'C400003rT5sc2qtsky.m4a', 'guid': '3768717388'}}
INFO qqApi  43 进行QQ Url请求, args: ('https://c.y.qq.com/base/fcgi-bin/fcg_music_express_mobile3.fcg',), kwargs: {'method': 'GET', 'headers': {'Accept': 'text/html,application/xhtml+xml,application/xml;q=0.9,image/webp,*/*;q=0.8', 'Connection': 'keep-alive', 'Pragma': 'no-cache', 'Cache-Control': 'no-cache', 'Accept-Encoding': 'gzip,deflate,sdch', 'Accept-Language': 'zh-CN,zh;q=0.8', 'User-Agent': 'Mozilla/5.0 (Windows NT 6.1; WOW64) AppleWebKit/537.36 (KHTML, like Gecko) Chrome/45.0.2454.101 Safari/537.36', 'Host': 'c.y.qq.com', 'Referer': 'https://y.qq.com/portal/playlist.html'}, 'params': {'g_tk': '5381', 'jsonpCallback': 'MusicJsonCallback8571665793949388', 'loginUin': '0', 'hostUin': '0', 'format': 'json', 'inCharset': 'utf8', 'outCharset': 'utf-8', 'notice': '0', 'platform': 'yqq', 'needNewCode': '0', 'cid': '205361747', 'callback': 'MusicJsonCallback8571665793949388', 'uin': '0', 'songmid': '001Bv8v03LusX7', 'filename': 'C400001Bv8v03LusX7.m4a', 'guid': '3768717388'}}
INFO qqApi  43 进行QQ Url请求, args: ('https://c.y.qq.com/base/fcgi-bin/fcg_music_express_mobile3.fcg',), kwargs: {'method': 'GET', 'headers': {'Accept': 'text/html,application/xhtml+xml,application/xml;q=0.9,image/webp,*/*;q=0.8', 'Connection': 'keep-alive', 'Pragma': 'no-cache', 'Cache-Control': 'no-cache', 'Accept-Encoding': 'gzip,deflate,sdch', 'Accept-Language': 'zh-CN,zh;q=0.8', 'User-Agent': 'Mozilla/5.0 (Windows NT 6.1; WOW64) AppleWebKit/537.36 (KHTML, like Gecko) Chrome/45.0.2454.101 Safari/537.36', 'Host': 'c.y.qq.com', 'Referer': 'https://y.qq.com/portal/playlist.html'}, 'params': {'g_tk': '5381', 'jsonpCallback': 'MusicJsonCallback8571665793949388', 'loginUin': '0', 'hostUin': '0', 'format': 'json', 'inCharset': 'utf8', 'outCharset': 'utf-8', 'notice': '0', 'platform': 'yqq', 'needNewCode': '0', 'cid': '205361747', 'callback': 'MusicJsonCallback8571665793949388', 'uin': '0', 'songmid': '004PMqlv27kuYe', 'filename': 'C400004PMqlv27kuYe.m4a', 'guid': '3768717388'}}
INFO qqApi  43 进行QQ Url请求, args: ('https://c.y.qq.com/base/fcgi-bin/fcg_music_express_mobile3.fcg',), kwargs: {'method': 'GET', 'headers': {'Accept': 'text/html,application/xhtml+xml,application/xml;q=0.9,image/webp,*/*;q=0.8', 'Connection': 'keep-alive', 'Pragma': 'no-cache', 'Cache-Control': 'no-cache', 'Accept-Encoding': 'gzip,deflate,sdch', 'Accept-Language': 'zh-CN,zh;q=0.8', 'User-Agent': 'Mozilla/5.0 (Windows NT 6.1; WOW64) AppleWebKit/537.36 (KHTML, like Gecko) Chrome/45.0.2454.101 Safari/537.36', 'Host': 'c.y.qq.com', 'Referer': 'https://y.qq.com/portal/playlist.html'}, 'params': {'g_tk': '5381', 'jsonpCallback': 'MusicJsonCallback8571665793949388', 'loginUin': '0', 'hostUin': '0', 'format': 'json', 'inCharset': 'utf8', 'outCharset': 'utf-8', 'notice': '0', 'platform': 'yqq', 'needNewCode': '0', 'cid': '205361747', 'callback': 'MusicJsonCallback8571665793949388', 'uin': '0', 'songmid': '000gejL61z2dj6', 'filename': 'C400000gejL61z2dj6.m4a', 'guid': '3768717388'}}
INFO qqApi  43 进行QQ Url请求, args: ('https://c.y.qq.com/base/fcgi-bin/fcg_music_express_mobile3.fcg',), kwargs: {'method': 'GET', 'headers': {'Accept': 'text/html,application/xhtml+xml,application/xml;q=0.9,image/webp,*/*;q=0.8', 'Connection': 'keep-alive', 'Pragma': 'no-cache', 'Cache-Control': 'no-cache', 'Accept-Encoding': 'gzip,deflate,sdch', 'Accept-Language': 'zh-CN,zh;q=0.8', 'User-Agent': 'Mozilla/5.0 (Windows NT 6.1; WOW64) AppleWebKit/537.36 (KHTML, like Gecko) Chrome/45.0.2454.101 Safari/537.36', 'Host': 'c.y.qq.com', 'Referer': 'https://y.qq.com/portal/playlist.html'}, 'params': {'g_tk': '5381', 'jsonpCallback': 'MusicJsonCallback8571665793949388', 'loginUin': '0', 'hostUin': '0', 'format': 'json', 'inCharset': 'utf8', 'outCharset': 'utf-8', 'notice': '0', 'platform': 'yqq', 'needNewCode': '0', 'cid': '205361747', 'callback': 'MusicJsonCallback8571665793949388', 'uin': '0', 'songmid': '000ZHyyl1B3In3', 'filename': 'C400000ZHyyl1B3In3.m4a', 'guid': '3768717388'}}
INFO qqApi  43 进行QQ Url请求, args: ('https://c.y.qq.com/base/fcgi-bin/fcg_music_express_mobile3.fcg',), kwargs: {'method': 'GET', 'headers': {'Accept': 'text/html,application/xhtml+xml,application/xml;q=0.9,image/webp,*/*;q=0.8', 'Connection': 'keep-alive', 'Pragma': 'no-cache', 'Cache-Control': 'no-cache', 'Accept-Encoding': 'gzip,deflate,sdch', 'Accept-Language': 'zh-CN,zh;q=0.8', 'User-Agent': 'Mozilla/5.0 (Windows NT 6.1; WOW64) AppleWebKit/537.36 (KHTML, like Gecko) Chrome/45.0.2454.101 Safari/537.36', 'Host': 'c.y.qq.com', 'Referer': 'https://y.qq.com/portal/playlist.html'}, 'params': {'g_tk': '5381', 'jsonpCallback': 'MusicJsonCallback8571665793949388', 'loginUin': '0', 'hostUin': '0', 'format': 'json', 'inCharset': 'utf8', 'outCharset': 'utf-8', 'notice': '0', 'platform': 'yqq', 'needNewCode': '0', 'cid': '205361747', 'callback': 'MusicJsonCallback8571665793949388', 'uin': '0', 'songmid': '002SPCDg3NAAsY', 'filename': 'C400002SPCDg3NAAsY.m4a', 'guid': '3768717388'}}
INFO qqApi  43 进行QQ Url请求, args: ('https://c.y.qq.com/base/fcgi-bin/fcg_music_express_mobile3.fcg',), kwargs: {'method': 'GET', 'headers': {'Accept': 'text/html,application/xhtml+xml,application/xml;q=0.9,image/webp,*/*;q=0.8', 'Connection': 'keep-alive', 'Pragma': 'no-cache', 'Cache-Control': 'no-cache', 'Accept-Encoding': 'gzip,deflate,sdch', 'Accept-Language': 'zh-CN,zh;q=0.8', 'User-Agent': 'Mozilla/5.0 (Windows NT 6.1; WOW64) AppleWebKit/537.36 (KHTML, like Gecko) Chrome/45.0.2454.101 Safari/537.36', 'Host': 'c.y.qq.com', 'Referer': 'https://y.qq.com/portal/playlist.html'}, 'params': {'g_tk': '5381', 'jsonpCallback': 'MusicJsonCallback8571665793949388', 'loginUin': '0', 'hostUin': '0', 'format': 'json', 'inCharset': 'utf8', 'outCharset': 'utf-8', 'notice': '0', 'platform': 'yqq', 'needNewCode': '0', 'cid': '205361747', 'callback': 'MusicJsonCallback8571665793949388', 'uin': '0', 'songmid': '0033iNze0Faapw', 'filename': 'C4000033iNze0Faapw.m4a', 'guid': '3768717388'}}
INFO qqApi  43 进行QQ Url请求, args: ('https://c.y.qq.com/base/fcgi-bin/fcg_music_express_mobile3.fcg',), kwargs: {'method': 'GET', 'headers': {'Accept': 'text/html,application/xhtml+xml,application/xml;q=0.9,image/webp,*/*;q=0.8', 'Connection': 'keep-alive', 'Pragma': 'no-cache', 'Cache-Control': 'no-cache', 'Accept-Encoding': 'gzip,deflate,sdch', 'Accept-Language': 'zh-CN,zh;q=0.8', 'User-Agent': 'Mozilla/5.0 (Windows NT 6.1; WOW64) AppleWebKit/537.36 (KHTML, like Gecko) Chrome/45.0.2454.101 Safari/537.36', 'Host': 'c.y.qq.com', 'Referer': 'https://y.qq.com/portal/playlist.html'}, 'params': {'g_tk': '5381', 'jsonpCallback': 'MusicJsonCallback8571665793949388', 'loginUin': '0', 'hostUin': '0', 'format': 'json', 'inCharset': 'utf8', 'outCharset': 'utf-8', 'notice': '0', 'platform': 'yqq', 'needNewCode': '0', 'cid': '205361747', 'callback': 'MusicJsonCallback8571665793949388', 'uin': '0', 'songmid': '001l5fkp2kQimt', 'filename': 'C400001l5fkp2kQimt.m4a', 'guid': '3768717388'}}
INFO qqApi  43 进行QQ Url请求, args: ('https://c.y.qq.com/base/fcgi-bin/fcg_music_express_mobile3.fcg',), kwargs: {'method': 'GET', 'headers': {'Accept': 'text/html,application/xhtml+xml,application/xml;q=0.9,image/webp,*/*;q=0.8', 'Connection': 'keep-alive', 'Pragma': 'no-cache', 'Cache-Control': 'no-cache', 'Accept-Encoding': 'gzip,deflate,sdch', 'Accept-Language': 'zh-CN,zh;q=0.8', 'User-Agent': 'Mozilla/5.0 (Windows NT 6.1; WOW64) AppleWebKit/537.36 (KHTML, like Gecko) Chrome/45.0.2454.101 Safari/537.36', 'Host': 'c.y.qq.com', 'Referer': 'https://y.qq.com/portal/playlist.html'}, 'params': {'g_tk': '5381', 'jsonpCallback': 'MusicJsonCallback8571665793949388', 'loginUin': '0', 'hostUin': '0', 'format': 'json', 'inCharset': 'utf8', 'outCharset': 'utf-8', 'notice': '0', 'platform': 'yqq', 'needNewCode': '0', 'cid': '205361747', 'callback': 'MusicJsonCallback8571665793949388', 'uin': '0', 'songmid': '002W5Nhr4gK12d', 'filename': 'C400002W5Nhr4gK12d.m4a', 'guid': '3768717388'}}
INFO qqApi  43 进行QQ Url请求, args: ('https://c.y.qq.com/base/fcgi-bin/fcg_music_express_mobile3.fcg',), kwargs: {'method': 'GET', 'headers': {'Accept': 'text/html,application/xhtml+xml,application/xml;q=0.9,image/webp,*/*;q=0.8', 'Connection': 'keep-alive', 'Pragma': 'no-cache', 'Cache-Control': 'no-cache', 'Accept-Encoding': 'gzip,deflate,sdch', 'Accept-Language': 'zh-CN,zh;q=0.8', 'User-Agent': 'Mozilla/5.0 (Windows NT 6.1; WOW64) AppleWebKit/537.36 (KHTML, like Gecko) Chrome/45.0.2454.101 Safari/537.36', 'Host': 'c.y.qq.com', 'Referer': 'https://y.qq.com/portal/playlist.html'}, 'params': {'g_tk': '5381', 'jsonpCallback': 'MusicJsonCallback8571665793949388', 'loginUin': '0', 'hostUin': '0', 'format': 'json', 'inCharset': 'utf8', 'outCharset': 'utf-8', 'notice': '0', 'platform': 'yqq', 'needNewCode': '0', 'cid': '205361747', 'callback': 'MusicJsonCallback8571665793949388', 'uin': '0', 'songmid': '002c1gqK40Lc0Y', 'filename': 'C400002c1gqK40Lc0Y.m4a', 'guid': '3768717388'}}
INFO qqApi  43 进行QQ Url请求, args: ('https://c.y.qq.com/base/fcgi-bin/fcg_music_express_mobile3.fcg',), kwargs: {'method': 'GET', 'headers': {'Accept': 'text/html,application/xhtml+xml,application/xml;q=0.9,image/webp,*/*;q=0.8', 'Connection': 'keep-alive', 'Pragma': 'no-cache', 'Cache-Control': 'no-cache', 'Accept-Encoding': 'gzip,deflate,sdch', 'Accept-Language': 'zh-CN,zh;q=0.8', 'User-Agent': 'Mozilla/5.0 (Windows NT 6.1; WOW64) AppleWebKit/537.36 (KHTML, like Gecko) Chrome/45.0.2454.101 Safari/537.36', 'Host': 'c.y.qq.com', 'Referer': 'https://y.qq.com/portal/playlist.html'}, 'params': {'g_tk': '5381', 'jsonpCallback': 'MusicJsonCallback8571665793949388', 'loginUin': '0', 'hostUin': '0', 'format': 'json', 'inCharset': 'utf8', 'outCharset': 'utf-8', 'notice': '0', 'platform': 'yqq', 'needNewCode': '0', 'cid': '205361747', 'callback': 'MusicJsonCallback8571665793949388', 'uin': '0', 'songmid': '002pYWH50s7112', 'filename': 'C400002pYWH50s7112.m4a', 'guid': '3768717388'}}
INFO qqApi  43 进行QQ Url请求, args: ('https://c.y.qq.com/base/fcgi-bin/fcg_music_express_mobile3.fcg',), kwargs: {'method': 'GET', 'headers': {'Accept': 'text/html,application/xhtml+xml,application/xml;q=0.9,image/webp,*/*;q=0.8', 'Connection': 'keep-alive', 'Pragma': 'no-cache', 'Cache-Control': 'no-cache', 'Accept-Encoding': 'gzip,deflate,sdch', 'Accept-Language': 'zh-CN,zh;q=0.8', 'User-Agent': 'Mozilla/5.0 (Windows NT 6.1; WOW64) AppleWebKit/537.36 (KHTML, like Gecko) Chrome/45.0.2454.101 Safari/537.36', 'Host': 'c.y.qq.com', 'Referer': 'https://y.qq.com/portal/playlist.html'}, 'params': {'g_tk': '5381', 'jsonpCallback': 'MusicJsonCallback8571665793949388', 'loginUin': '0', 'hostUin': '0', 'format': 'json', 'inCharset': 'utf8', 'outCharset': 'utf-8', 'notice': '0', 'platform': 'yqq', 'needNewCode': '0', 'cid': '205361747', 'callback': 'MusicJsonCallback8571665793949388', 'uin': '0', 'songmid': '002HFqUl3iwKXm', 'filename': 'C400002HFqUl3iwKXm.m4a', 'guid': '3768717388'}}
INFO qqApi  43 进行QQ Url请求, args: ('https://c.y.qq.com/base/fcgi-bin/fcg_music_express_mobile3.fcg',), kwargs: {'method': 'GET', 'headers': {'Accept': 'text/html,application/xhtml+xml,application/xml;q=0.9,image/webp,*/*;q=0.8', 'Connection': 'keep-alive', 'Pragma': 'no-cache', 'Cache-Control': 'no-cache', 'Accept-Encoding': 'gzip,deflate,sdch', 'Accept-Language': 'zh-CN,zh;q=0.8', 'User-Agent': 'Mozilla/5.0 (Windows NT 6.1; WOW64) AppleWebKit/537.36 (KHTML, like Gecko) Chrome/45.0.2454.101 Safari/537.36', 'Host': 'c.y.qq.com', 'Referer': 'https://y.qq.com/portal/playlist.html'}, 'params': {'g_tk': '5381', 'jsonpCallback': 'MusicJsonCallback8571665793949388', 'loginUin': '0', 'hostUin': '0', 'format': 'json', 'inCharset': 'utf8', 'outCharset': 'utf-8', 'notice': '0', 'platform': 'yqq', 'needNewCode': '0', 'cid': '205361747', 'callback': 'MusicJsonCallback8571665793949388', 'uin': '0', 'songmid': '004F9jcj1QtBsw', 'filename': 'C400004F9jcj1QtBsw.m4a', 'guid': '3768717388'}}
INFO qqApi  43 进行QQ Url请求, args: ('https://c.y.qq.com/base/fcgi-bin/fcg_music_express_mobile3.fcg',), kwargs: {'method': 'GET', 'headers': {'Accept': 'text/html,application/xhtml+xml,application/xml;q=0.9,image/webp,*/*;q=0.8', 'Connection': 'keep-alive', 'Pragma': 'no-cache', 'Cache-Control': 'no-cache', 'Accept-Encoding': 'gzip,deflate,sdch', 'Accept-Language': 'zh-CN,zh;q=0.8', 'User-Agent': 'Mozilla/5.0 (Windows NT 6.1; WOW64) AppleWebKit/537.36 (KHTML, like Gecko) Chrome/45.0.2454.101 Safari/537.36', 'Host': 'c.y.qq.com', 'Referer': 'https://y.qq.com/portal/playlist.html'}, 'params': {'g_tk': '5381', 'jsonpCallback': 'MusicJsonCallback8571665793949388', 'loginUin': '0', 'hostUin': '0', 'format': 'json', 'inCharset': 'utf8', 'outCharset': 'utf-8', 'notice': '0', 'platform': 'yqq', 'needNewCode': '0', 'cid': '205361747', 'callback': 'MusicJsonCallback8571665793949388', 'uin': '0', 'songmid': '0042RywF0Z3rGy', 'filename': 'C4000042RywF0Z3rGy.m4a', 'guid': '3768717388'}}
INFO qqApi  43 进行QQ Url请求, args: ('https://c.y.qq.com/base/fcgi-bin/fcg_music_express_mobile3.fcg',), kwargs: {'method': 'GET', 'headers': {'Accept': 'text/html,application/xhtml+xml,application/xml;q=0.9,image/webp,*/*;q=0.8', 'Connection': 'keep-alive', 'Pragma': 'no-cache', 'Cache-Control': 'no-cache', 'Accept-Encoding': 'gzip,deflate,sdch', 'Accept-Language': 'zh-CN,zh;q=0.8', 'User-Agent': 'Mozilla/5.0 (Windows NT 6.1; WOW64) AppleWebKit/537.36 (KHTML, like Gecko) Chrome/45.0.2454.101 Safari/537.36', 'Host': 'c.y.qq.com', 'Referer': 'https://y.qq.com/portal/playlist.html'}, 'params': {'g_tk': '5381', 'jsonpCallback': 'MusicJsonCallback8571665793949388', 'loginUin': '0', 'hostUin': '0', 'format': 'json', 'inCharset': 'utf8', 'outCharset': 'utf-8', 'notice': '0', 'platform': 'yqq', 'needNewCode': '0', 'cid': '205361747', 'callback': 'MusicJsonCallback8571665793949388', 'uin': '0', 'songmid': '000bbjF71rO5sZ', 'filename': 'C400000bbjF71rO5sZ.m4a', 'guid': '3768717388'}}
INFO qqApi  43 进行QQ Url请求, args: ('https://c.y.qq.com/base/fcgi-bin/fcg_music_express_mobile3.fcg',), kwargs: {'method': 'GET', 'headers': {'Accept': 'text/html,application/xhtml+xml,application/xml;q=0.9,image/webp,*/*;q=0.8', 'Connection': 'keep-alive', 'Pragma': 'no-cache', 'Cache-Control': 'no-cache', 'Accept-Encoding': 'gzip,deflate,sdch', 'Accept-Language': 'zh-CN,zh;q=0.8', 'User-Agent': 'Mozilla/5.0 (Windows NT 6.1; WOW64) AppleWebKit/537.36 (KHTML, like Gecko) Chrome/45.0.2454.101 Safari/537.36', 'Host': 'c.y.qq.com', 'Referer': 'https://y.qq.com/portal/playlist.html'}, 'params': {'g_tk': '5381', 'jsonpCallback': 'MusicJsonCallback8571665793949388', 'loginUin': '0', 'hostUin': '0', 'format': 'json', 'inCharset': 'utf8', 'outCharset': 'utf-8', 'notice': '0', 'platform': 'yqq', 'needNewCode': '0', 'cid': '205361747', 'callback': 'MusicJsonCallback8571665793949388', 'uin': '0', 'songmid': '002VQi5x16jfDn', 'filename': 'C400002VQi5x16jfDn.m4a', 'guid': '3768717388'}}
INFO qqApi  43 进行QQ Url请求, args: ('https://c.y.qq.com/base/fcgi-bin/fcg_music_express_mobile3.fcg',), kwargs: {'method': 'GET', 'headers': {'Accept': 'text/html,application/xhtml+xml,application/xml;q=0.9,image/webp,*/*;q=0.8', 'Connection': 'keep-alive', 'Pragma': 'no-cache', 'Cache-Control': 'no-cache', 'Accept-Encoding': 'gzip,deflate,sdch', 'Accept-Language': 'zh-CN,zh;q=0.8', 'User-Agent': 'Mozilla/5.0 (Windows NT 6.1; WOW64) AppleWebKit/537.36 (KHTML, like Gecko) Chrome/45.0.2454.101 Safari/537.36', 'Host': 'c.y.qq.com', 'Referer': 'https://y.qq.com/portal/playlist.html'}, 'params': {'g_tk': '5381', 'jsonpCallback': 'MusicJsonCallback8571665793949388', 'loginUin': '0', 'hostUin': '0', 'format': 'json', 'inCharset': 'utf8', 'outCharset': 'utf-8', 'notice': '0', 'platform': 'yqq', 'needNewCode': '0', 'cid': '205361747', 'callback': 'MusicJsonCallback8571665793949388', 'uin': '0', 'songmid': '0020stYG1RLye8', 'filename': 'C4000020stYG1RLye8.m4a', 'guid': '3768717388'}}
INFO qqApi  43 进行QQ Url请求, args: ('https://c.y.qq.com/base/fcgi-bin/fcg_music_express_mobile3.fcg',), kwargs: {'method': 'GET', 'headers': {'Accept': 'text/html,application/xhtml+xml,application/xml;q=0.9,image/webp,*/*;q=0.8', 'Connection': 'keep-alive', 'Pragma': 'no-cache', 'Cache-Control': 'no-cache', 'Accept-Encoding': 'gzip,deflate,sdch', 'Accept-Language': 'zh-CN,zh;q=0.8', 'User-Agent': 'Mozilla/5.0 (Windows NT 6.1; WOW64) AppleWebKit/537.36 (KHTML, like Gecko) Chrome/45.0.2454.101 Safari/537.36', 'Host': 'c.y.qq.com', 'Referer': 'https://y.qq.com/portal/playlist.html'}, 'params': {'g_tk': '5381', 'jsonpCallback': 'MusicJsonCallback8571665793949388', 'loginUin': '0', 'hostUin': '0', 'format': 'json', 'inCharset': 'utf8', 'outCharset': 'utf-8', 'notice': '0', 'platform': 'yqq', 'needNewCode': '0', 'cid': '205361747', 'callback': 'MusicJsonCallback8571665793949388', 'uin': '0', 'songmid': '0035HZOh1kKrSB', 'filename': 'C4000035HZOh1kKrSB.m4a', 'guid': '3768717388'}}
INFO qqApi  43 进行QQ Url请求, args: ('https://c.y.qq.com/base/fcgi-bin/fcg_music_express_mobile3.fcg',), kwargs: {'method': 'GET', 'headers': {'Accept': 'text/html,application/xhtml+xml,application/xml;q=0.9,image/webp,*/*;q=0.8', 'Connection': 'keep-alive', 'Pragma': 'no-cache', 'Cache-Control': 'no-cache', 'Accept-Encoding': 'gzip,deflate,sdch', 'Accept-Language': 'zh-CN,zh;q=0.8', 'User-Agent': 'Mozilla/5.0 (Windows NT 6.1; WOW64) AppleWebKit/537.36 (KHTML, like Gecko) Chrome/45.0.2454.101 Safari/537.36', 'Host': 'c.y.qq.com', 'Referer': 'https://y.qq.com/portal/playlist.html'}, 'params': {'g_tk': '5381', 'jsonpCallback': 'MusicJsonCallback8571665793949388', 'loginUin': '0', 'hostUin': '0', 'format': 'json', 'inCharset': 'utf8', 'outCharset': 'utf-8', 'notice': '0', 'platform': 'yqq', 'needNewCode': '0', 'cid': '205361747', 'callback': 'MusicJsonCallback8571665793949388', 'uin': '0', 'songmid': '004ZuqrP43aXjI', 'filename': 'C400004ZuqrP43aXjI.m4a', 'guid': '3768717388'}}
INFO qqApi  43 进行QQ Url请求, args: ('https://c.y.qq.com/base/fcgi-bin/fcg_music_express_mobile3.fcg',), kwargs: {'method': 'GET', 'headers': {'Accept': 'text/html,application/xhtml+xml,application/xml;q=0.9,image/webp,*/*;q=0.8', 'Connection': 'keep-alive', 'Pragma': 'no-cache', 'Cache-Control': 'no-cache', 'Accept-Encoding': 'gzip,deflate,sdch', 'Accept-Language': 'zh-CN,zh;q=0.8', 'User-Agent': 'Mozilla/5.0 (Windows NT 6.1; WOW64) AppleWebKit/537.36 (KHTML, like Gecko) Chrome/45.0.2454.101 Safari/537.36', 'Host': 'c.y.qq.com', 'Referer': 'https://y.qq.com/portal/playlist.html'}, 'params': {'g_tk': '5381', 'jsonpCallback': 'MusicJsonCallback8571665793949388', 'loginUin': '0', 'hostUin': '0', 'format': 'json', 'inCharset': 'utf8', 'outCharset': 'utf-8', 'notice': '0', 'platform': 'yqq', 'needNewCode': '0', 'cid': '205361747', 'callback': 'MusicJsonCallback8571665793949388', 'uin': '0', 'songmid': '000bog5B2DYgHN', 'filename': 'C400000bog5B2DYgHN.m4a', 'guid': '3768717388'}}
INFO qqApi  43 进行QQ Url请求, args: ('https://c.y.qq.com/base/fcgi-bin/fcg_music_express_mobile3.fcg',), kwargs: {'method': 'GET', 'headers': {'Accept': 'text/html,application/xhtml+xml,application/xml;q=0.9,image/webp,*/*;q=0.8', 'Connection': 'keep-alive', 'Pragma': 'no-cache', 'Cache-Control': 'no-cache', 'Accept-Encoding': 'gzip,deflate,sdch', 'Accept-Language': 'zh-CN,zh;q=0.8', 'User-Agent': 'Mozilla/5.0 (Windows NT 6.1; WOW64) AppleWebKit/537.36 (KHTML, like Gecko) Chrome/45.0.2454.101 Safari/537.36', 'Host': 'c.y.qq.com', 'Referer': 'https://y.qq.com/portal/playlist.html'}, 'params': {'g_tk': '5381', 'jsonpCallback': 'MusicJsonCallback8571665793949388', 'loginUin': '0', 'hostUin': '0', 'format': 'json', 'inCharset': 'utf8', 'outCharset': 'utf-8', 'notice': '0', 'platform': 'yqq', 'needNewCode': '0', 'cid': '205361747', 'callback': 'MusicJsonCallback8571665793949388', 'uin': '0', 'songmid': '001I6gzS3LufWy', 'filename': 'C400001I6gzS3LufWy.m4a', 'guid': '3768717388'}}
INFO qqApi  43 进行QQ Url请求, args: ('https://c.y.qq.com/base/fcgi-bin/fcg_music_express_mobile3.fcg',), kwargs: {'method': 'GET', 'headers': {'Accept': 'text/html,application/xhtml+xml,application/xml;q=0.9,image/webp,*/*;q=0.8', 'Connection': 'keep-alive', 'Pragma': 'no-cache', 'Cache-Control': 'no-cache', 'Accept-Encoding': 'gzip,deflate,sdch', 'Accept-Language': 'zh-CN,zh;q=0.8', 'User-Agent': 'Mozilla/5.0 (Windows NT 6.1; WOW64) AppleWebKit/537.36 (KHTML, like Gecko) Chrome/45.0.2454.101 Safari/537.36', 'Host': 'c.y.qq.com', 'Referer': 'https://y.qq.com/portal/playlist.html'}, 'params': {'g_tk': '5381', 'jsonpCallback': 'MusicJsonCallback8571665793949388', 'loginUin': '0', 'hostUin': '0', 'format': 'json', 'inCharset': 'utf8', 'outCharset': 'utf-8', 'notice': '0', 'platform': 'yqq', 'needNewCode': '0', 'cid': '205361747', 'callback': 'MusicJsonCallback8571665793949388', 'uin': '0', 'songmid': '000Sw6cm1GHNRw', 'filename': 'C400000Sw6cm1GHNRw.m4a', 'guid': '3768717388'}}
INFO qqApi  43 进行QQ Url请求, args: ('https://c.y.qq.com/base/fcgi-bin/fcg_music_express_mobile3.fcg',), kwargs: {'method': 'GET', 'headers': {'Accept': 'text/html,application/xhtml+xml,application/xml;q=0.9,image/webp,*/*;q=0.8', 'Connection': 'keep-alive', 'Pragma': 'no-cache', 'Cache-Control': 'no-cache', 'Accept-Encoding': 'gzip,deflate,sdch', 'Accept-Language': 'zh-CN,zh;q=0.8', 'User-Agent': 'Mozilla/5.0 (Windows NT 6.1; WOW64) AppleWebKit/537.36 (KHTML, like Gecko) Chrome/45.0.2454.101 Safari/537.36', 'Host': 'c.y.qq.com', 'Referer': 'https://y.qq.com/portal/playlist.html'}, 'params': {'g_tk': '5381', 'jsonpCallback': 'MusicJsonCallback8571665793949388', 'loginUin': '0', 'hostUin': '0', 'format': 'json', 'inCharset': 'utf8', 'outCharset': 'utf-8', 'notice': '0', 'platform': 'yqq', 'needNewCode': '0', 'cid': '205361747', 'callback': 'MusicJsonCallback8571665793949388', 'uin': '0', 'songmid': '002uHTUs3V16l1', 'filename': 'C400002uHTUs3V16l1.m4a', 'guid': '3768717388'}}
INFO qqApi  43 进行QQ Url请求, args: ('https://c.y.qq.com/base/fcgi-bin/fcg_music_express_mobile3.fcg',), kwargs: {'method': 'GET', 'headers': {'Accept': 'text/html,application/xhtml+xml,application/xml;q=0.9,image/webp,*/*;q=0.8', 'Connection': 'keep-alive', 'Pragma': 'no-cache', 'Cache-Control': 'no-cache', 'Accept-Encoding': 'gzip,deflate,sdch', 'Accept-Language': 'zh-CN,zh;q=0.8', 'User-Agent': 'Mozilla/5.0 (Windows NT 6.1; WOW64) AppleWebKit/537.36 (KHTML, like Gecko) Chrome/45.0.2454.101 Safari/537.36', 'Host': 'c.y.qq.com', 'Referer': 'https://y.qq.com/portal/playlist.html'}, 'params': {'g_tk': '5381', 'jsonpCallback': 'MusicJsonCallback8571665793949388', 'loginUin': '0', 'hostUin': '0', 'format': 'json', 'inCharset': 'utf8', 'outCharset': 'utf-8', 'notice': '0', 'platform': 'yqq', 'needNewCode': '0', 'cid': '205361747', 'callback': 'MusicJsonCallback8571665793949388', 'uin': '0', 'songmid': '000n9Aji0Uf9Lr', 'filename': 'C400000n9Aji0Uf9Lr.m4a', 'guid': '3768717388'}}
INFO qqApi  43 进行QQ Url请求, args: ('https://c.y.qq.com/base/fcgi-bin/fcg_music_express_mobile3.fcg',), kwargs: {'method': 'GET', 'headers': {'Accept': 'text/html,application/xhtml+xml,application/xml;q=0.9,image/webp,*/*;q=0.8', 'Connection': 'keep-alive', 'Pragma': 'no-cache', 'Cache-Control': 'no-cache', 'Accept-Encoding': 'gzip,deflate,sdch', 'Accept-Language': 'zh-CN,zh;q=0.8', 'User-Agent': 'Mozilla/5.0 (Windows NT 6.1; WOW64) AppleWebKit/537.36 (KHTML, like Gecko) Chrome/45.0.2454.101 Safari/537.36', 'Host': 'c.y.qq.com', 'Referer': 'https://y.qq.com/portal/playlist.html'}, 'params': {'g_tk': '5381', 'jsonpCallback': 'MusicJsonCallback8571665793949388', 'loginUin': '0', 'hostUin': '0', 'format': 'json', 'inCharset': 'utf8', 'outCharset': 'utf-8', 'notice': '0', 'platform': 'yqq', 'needNewCode': '0', 'cid': '205361747', 'callback': 'MusicJsonCallback8571665793949388', 'uin': '0', 'songmid': '0031tvqb2vMdXU', 'filename': 'C4000031tvqb2vMdXU.m4a', 'guid': '3768717388'}}
INFO qqApi  43 进行QQ Url请求, args: ('https://c.y.qq.com/base/fcgi-bin/fcg_music_express_mobile3.fcg',), kwargs: {'method': 'GET', 'headers': {'Accept': 'text/html,application/xhtml+xml,application/xml;q=0.9,image/webp,*/*;q=0.8', 'Connection': 'keep-alive', 'Pragma': 'no-cache', 'Cache-Control': 'no-cache', 'Accept-Encoding': 'gzip,deflate,sdch', 'Accept-Language': 'zh-CN,zh;q=0.8', 'User-Agent': 'Mozilla/5.0 (Windows NT 6.1; WOW64) AppleWebKit/537.36 (KHTML, like Gecko) Chrome/45.0.2454.101 Safari/537.36', 'Host': 'c.y.qq.com', 'Referer': 'https://y.qq.com/portal/playlist.html'}, 'params': {'g_tk': '5381', 'jsonpCallback': 'MusicJsonCallback8571665793949388', 'loginUin': '0', 'hostUin': '0', 'format': 'json', 'inCharset': 'utf8', 'outCharset': 'utf-8', 'notice': '0', 'platform': 'yqq', 'needNewCode': '0', 'cid': '205361747', 'callback': 'MusicJsonCallback8571665793949388', 'uin': '0', 'songmid': '0032JS0X072VTk', 'filename': 'C4000032JS0X072VTk.m4a', 'guid': '3768717388'}}
INFO qqApi  43 进行QQ Url请求, args: ('https://c.y.qq.com/base/fcgi-bin/fcg_music_express_mobile3.fcg',), kwargs: {'method': 'GET', 'headers': {'Accept': 'text/html,application/xhtml+xml,application/xml;q=0.9,image/webp,*/*;q=0.8', 'Connection': 'keep-alive', 'Pragma': 'no-cache', 'Cache-Control': 'no-cache', 'Accept-Encoding': 'gzip,deflate,sdch', 'Accept-Language': 'zh-CN,zh;q=0.8', 'User-Agent': 'Mozilla/5.0 (Windows NT 6.1; WOW64) AppleWebKit/537.36 (KHTML, like Gecko) Chrome/45.0.2454.101 Safari/537.36', 'Host': 'c.y.qq.com', 'Referer': 'https://y.qq.com/portal/playlist.html'}, 'params': {'g_tk': '5381', 'jsonpCallback': 'MusicJsonCallback8571665793949388', 'loginUin': '0', 'hostUin': '0', 'format': 'json', 'inCharset': 'utf8', 'outCharset': 'utf-8', 'notice': '0', 'platform': 'yqq', 'needNewCode': '0', 'cid': '205361747', 'callback': 'MusicJsonCallback8571665793949388', 'uin': '0', 'songmid': '004RDW5Q2ol2jj', 'filename': 'C400004RDW5Q2ol2jj.m4a', 'guid': '3768717388'}}
INFO qqApi  43 进行QQ Url请求, args: ('https://c.y.qq.com/base/fcgi-bin/fcg_music_express_mobile3.fcg',), kwargs: {'method': 'GET', 'headers': {'Accept': 'text/html,application/xhtml+xml,application/xml;q=0.9,image/webp,*/*;q=0.8', 'Connection': 'keep-alive', 'Pragma': 'no-cache', 'Cache-Control': 'no-cache', 'Accept-Encoding': 'gzip,deflate,sdch', 'Accept-Language': 'zh-CN,zh;q=0.8', 'User-Agent': 'Mozilla/5.0 (Windows NT 6.1; WOW64) AppleWebKit/537.36 (KHTML, like Gecko) Chrome/45.0.2454.101 Safari/537.36', 'Host': 'c.y.qq.com', 'Referer': 'https://y.qq.com/portal/playlist.html'}, 'params': {'g_tk': '5381', 'jsonpCallback': 'MusicJsonCallback8571665793949388', 'loginUin': '0', 'hostUin': '0', 'format': 'json', 'inCharset': 'utf8', 'outCharset': 'utf-8', 'notice': '0', 'platform': 'yqq', 'needNewCode': '0', 'cid': '205361747', 'callback': 'MusicJsonCallback8571665793949388', 'uin': '0', 'songmid': '000ASEZF3AaLN5', 'filename': 'C400000ASEZF3AaLN5.m4a', 'guid': '3768717388'}}
INFO qqApi  43 进行QQ Url请求, args: ('https://c.y.qq.com/base/fcgi-bin/fcg_music_express_mobile3.fcg',), kwargs: {'method': 'GET', 'headers': {'Accept': 'text/html,application/xhtml+xml,application/xml;q=0.9,image/webp,*/*;q=0.8', 'Connection': 'keep-alive', 'Pragma': 'no-cache', 'Cache-Control': 'no-cache', 'Accept-Encoding': 'gzip,deflate,sdch', 'Accept-Language': 'zh-CN,zh;q=0.8', 'User-Agent': 'Mozilla/5.0 (Windows NT 6.1; WOW64) AppleWebKit/537.36 (KHTML, like Gecko) Chrome/45.0.2454.101 Safari/537.36', 'Host': 'c.y.qq.com', 'Referer': 'https://y.qq.com/portal/playlist.html'}, 'params': {'g_tk': '5381', 'jsonpCallback': 'MusicJsonCallback8571665793949388', 'loginUin': '0', 'hostUin': '0', 'format': 'json', 'inCharset': 'utf8', 'outCharset': 'utf-8', 'notice': '0', 'platform': 'yqq', 'needNewCode': '0', 'cid': '205361747', 'callback': 'MusicJsonCallback8571665793949388', 'uin': '0', 'songmid': '004TXEXY2G2c7C', 'filename': 'C400004TXEXY2G2c7C.m4a', 'guid': '3768717388'}}
INFO qqApi  43 进行QQ Url请求, args: ('https://c.y.qq.com/base/fcgi-bin/fcg_music_express_mobile3.fcg',), kwargs: {'method': 'GET', 'headers': {'Accept': 'text/html,application/xhtml+xml,application/xml;q=0.9,image/webp,*/*;q=0.8', 'Connection': 'keep-alive', 'Pragma': 'no-cache', 'Cache-Control': 'no-cache', 'Accept-Encoding': 'gzip,deflate,sdch', 'Accept-Language': 'zh-CN,zh;q=0.8', 'User-Agent': 'Mozilla/5.0 (Windows NT 6.1; WOW64) AppleWebKit/537.36 (KHTML, like Gecko) Chrome/45.0.2454.101 Safari/537.36', 'Host': 'c.y.qq.com', 'Referer': 'https://y.qq.com/portal/playlist.html'}, 'params': {'g_tk': '5381', 'jsonpCallback': 'MusicJsonCallback8571665793949388', 'loginUin': '0', 'hostUin': '0', 'format': 'json', 'inCharset': 'utf8', 'outCharset': 'utf-8', 'notice': '0', 'platform': 'yqq', 'needNewCode': '0', 'cid': '205361747', 'callback': 'MusicJsonCallback8571665793949388', 'uin': '0', 'songmid': '002qU5aY3Qu24y', 'filename': 'C400002qU5aY3Qu24y.m4a', 'guid': '3768717388'}}
INFO qqApi  43 进行QQ Url请求, args: ('https://c.y.qq.com/base/fcgi-bin/fcg_music_express_mobile3.fcg',), kwargs: {'method': 'GET', 'headers': {'Accept': 'text/html,application/xhtml+xml,application/xml;q=0.9,image/webp,*/*;q=0.8', 'Connection': 'keep-alive', 'Pragma': 'no-cache', 'Cache-Control': 'no-cache', 'Accept-Encoding': 'gzip,deflate,sdch', 'Accept-Language': 'zh-CN,zh;q=0.8', 'User-Agent': 'Mozilla/5.0 (Windows NT 6.1; WOW64) AppleWebKit/537.36 (KHTML, like Gecko) Chrome/45.0.2454.101 Safari/537.36', 'Host': 'c.y.qq.com', 'Referer': 'https://y.qq.com/portal/playlist.html'}, 'params': {'g_tk': '5381', 'jsonpCallback': 'MusicJsonCallback8571665793949388', 'loginUin': '0', 'hostUin': '0', 'format': 'json', 'inCharset': 'utf8', 'outCharset': 'utf-8', 'notice': '0', 'platform': 'yqq', 'needNewCode': '0', 'cid': '205361747', 'callback': 'MusicJsonCallback8571665793949388', 'uin': '0', 'songmid': '001OyHbk2MSIi4', 'filename': 'C400001OyHbk2MSIi4.m4a', 'guid': '3768717388'}}
INFO qqApi  43 进行QQ Url请求, args: ('https://c.y.qq.com/base/fcgi-bin/fcg_music_express_mobile3.fcg',), kwargs: {'method': 'GET', 'headers': {'Accept': 'text/html,application/xhtml+xml,application/xml;q=0.9,image/webp,*/*;q=0.8', 'Connection': 'keep-alive', 'Pragma': 'no-cache', 'Cache-Control': 'no-cache', 'Accept-Encoding': 'gzip,deflate,sdch', 'Accept-Language': 'zh-CN,zh;q=0.8', 'User-Agent': 'Mozilla/5.0 (Windows NT 6.1; WOW64) AppleWebKit/537.36 (KHTML, like Gecko) Chrome/45.0.2454.101 Safari/537.36', 'Host': 'c.y.qq.com', 'Referer': 'https://y.qq.com/portal/playlist.html'}, 'params': {'g_tk': '5381', 'jsonpCallback': 'MusicJsonCallback8571665793949388', 'loginUin': '0', 'hostUin': '0', 'format': 'json', 'inCharset': 'utf8', 'outCharset': 'utf-8', 'notice': '0', 'platform': 'yqq', 'needNewCode': '0', 'cid': '205361747', 'callback': 'MusicJsonCallback8571665793949388', 'uin': '0', 'songmid': '001VAGmb3t8CaA', 'filename': 'C400001VAGmb3t8CaA.m4a', 'guid': '3768717388'}}
INFO qqApi  43 进行QQ Url请求, args: ('https://c.y.qq.com/base/fcgi-bin/fcg_music_express_mobile3.fcg',), kwargs: {'method': 'GET', 'headers': {'Accept': 'text/html,application/xhtml+xml,application/xml;q=0.9,image/webp,*/*;q=0.8', 'Connection': 'keep-alive', 'Pragma': 'no-cache', 'Cache-Control': 'no-cache', 'Accept-Encoding': 'gzip,deflate,sdch', 'Accept-Language': 'zh-CN,zh;q=0.8', 'User-Agent': 'Mozilla/5.0 (Windows NT 6.1; WOW64) AppleWebKit/537.36 (KHTML, like Gecko) Chrome/45.0.2454.101 Safari/537.36', 'Host': 'c.y.qq.com', 'Referer': 'https://y.qq.com/portal/playlist.html'}, 'params': {'g_tk': '5381', 'jsonpCallback': 'MusicJsonCallback8571665793949388', 'loginUin': '0', 'hostUin': '0', 'format': 'json', 'inCharset': 'utf8', 'outCharset': 'utf-8', 'notice': '0', 'platform': 'yqq', 'needNewCode': '0', 'cid': '205361747', 'callback': 'MusicJsonCallback8571665793949388', 'uin': '0', 'songmid': '001f1IqJ0Twuiq', 'filename': 'C400001f1IqJ0Twuiq.m4a', 'guid': '3768717388'}}
INFO qqApi  43 进行QQ Url请求, args: ('https://c.y.qq.com/base/fcgi-bin/fcg_music_express_mobile3.fcg',), kwargs: {'method': 'GET', 'headers': {'Accept': 'text/html,application/xhtml+xml,application/xml;q=0.9,image/webp,*/*;q=0.8', 'Connection': 'keep-alive', 'Pragma': 'no-cache', 'Cache-Control': 'no-cache', 'Accept-Encoding': 'gzip,deflate,sdch', 'Accept-Language': 'zh-CN,zh;q=0.8', 'User-Agent': 'Mozilla/5.0 (Windows NT 6.1; WOW64) AppleWebKit/537.36 (KHTML, like Gecko) Chrome/45.0.2454.101 Safari/537.36', 'Host': 'c.y.qq.com', 'Referer': 'https://y.qq.com/portal/playlist.html'}, 'params': {'g_tk': '5381', 'jsonpCallback': 'MusicJsonCallback8571665793949388', 'loginUin': '0', 'hostUin': '0', 'format': 'json', 'inCharset': 'utf8', 'outCharset': 'utf-8', 'notice': '0', 'platform': 'yqq', 'needNewCode': '0', 'cid': '205361747', 'callback': 'MusicJsonCallback8571665793949388', 'uin': '0', 'songmid': '001ufJPA27JpHs', 'filename': 'C400001ufJPA27JpHs.m4a', 'guid': '3768717388'}}
INFO qqApi  43 进行QQ Url请求, args: ('https://c.y.qq.com/base/fcgi-bin/fcg_music_express_mobile3.fcg',), kwargs: {'method': 'GET', 'headers': {'Accept': 'text/html,application/xhtml+xml,application/xml;q=0.9,image/webp,*/*;q=0.8', 'Connection': 'keep-alive', 'Pragma': 'no-cache', 'Cache-Control': 'no-cache', 'Accept-Encoding': 'gzip,deflate,sdch', 'Accept-Language': 'zh-CN,zh;q=0.8', 'User-Agent': 'Mozilla/5.0 (Windows NT 6.1; WOW64) AppleWebKit/537.36 (KHTML, like Gecko) Chrome/45.0.2454.101 Safari/537.36', 'Host': 'c.y.qq.com', 'Referer': 'https://y.qq.com/portal/playlist.html'}, 'params': {'g_tk': '5381', 'jsonpCallback': 'MusicJsonCallback8571665793949388', 'loginUin': '0', 'hostUin': '0', 'format': 'json', 'inCharset': 'utf8', 'outCharset': 'utf-8', 'notice': '0', 'platform': 'yqq', 'needNewCode': '0', 'cid': '205361747', 'callback': 'MusicJsonCallback8571665793949388', 'uin': '0', 'songmid': '003zmGbg4Tz0UL', 'filename': 'C400003zmGbg4Tz0UL.m4a', 'guid': '3768717388'}}
INFO qqApi  43 进行QQ Url请求, args: ('https://c.y.qq.com/base/fcgi-bin/fcg_music_express_mobile3.fcg',), kwargs: {'method': 'GET', 'headers': {'Accept': 'text/html,application/xhtml+xml,application/xml;q=0.9,image/webp,*/*;q=0.8', 'Connection': 'keep-alive', 'Pragma': 'no-cache', 'Cache-Control': 'no-cache', 'Accept-Encoding': 'gzip,deflate,sdch', 'Accept-Language': 'zh-CN,zh;q=0.8', 'User-Agent': 'Mozilla/5.0 (Windows NT 6.1; WOW64) AppleWebKit/537.36 (KHTML, like Gecko) Chrome/45.0.2454.101 Safari/537.36', 'Host': 'c.y.qq.com', 'Referer': 'https://y.qq.com/portal/playlist.html'}, 'params': {'g_tk': '5381', 'jsonpCallback': 'MusicJsonCallback8571665793949388', 'loginUin': '0', 'hostUin': '0', 'format': 'json', 'inCharset': 'utf8', 'outCharset': 'utf-8', 'notice': '0', 'platform': 'yqq', 'needNewCode': '0', 'cid': '205361747', 'callback': 'MusicJsonCallback8571665793949388', 'uin': '0', 'songmid': '001FLKhH3IKDkb', 'filename': 'C400001FLKhH3IKDkb.m4a', 'guid': '3768717388'}}
INFO qqApi  43 进行QQ Url请求, args: ('https://c.y.qq.com/base/fcgi-bin/fcg_music_express_mobile3.fcg',), kwargs: {'method': 'GET', 'headers': {'Accept': 'text/html,application/xhtml+xml,application/xml;q=0.9,image/webp,*/*;q=0.8', 'Connection': 'keep-alive', 'Pragma': 'no-cache', 'Cache-Control': 'no-cache', 'Accept-Encoding': 'gzip,deflate,sdch', 'Accept-Language': 'zh-CN,zh;q=0.8', 'User-Agent': 'Mozilla/5.0 (Windows NT 6.1; WOW64) AppleWebKit/537.36 (KHTML, like Gecko) Chrome/45.0.2454.101 Safari/537.36', 'Host': 'c.y.qq.com', 'Referer': 'https://y.qq.com/portal/playlist.html'}, 'params': {'g_tk': '5381', 'jsonpCallback': 'MusicJsonCallback8571665793949388', 'loginUin': '0', 'hostUin': '0', 'format': 'json', 'inCharset': 'utf8', 'outCharset': 'utf-8', 'notice': '0', 'platform': 'yqq', 'needNewCode': '0', 'cid': '205361747', 'callback': 'MusicJsonCallback8571665793949388', 'uin': '0', 'songmid': '0036JkX40DHDbV', 'filename': 'C4000036JkX40DHDbV.m4a', 'guid': '3768717388'}}
INFO qqApi  43 进行QQ Url请求, args: ('https://c.y.qq.com/base/fcgi-bin/fcg_music_express_mobile3.fcg',), kwargs: {'method': 'GET', 'headers': {'Accept': 'text/html,application/xhtml+xml,application/xml;q=0.9,image/webp,*/*;q=0.8', 'Connection': 'keep-alive', 'Pragma': 'no-cache', 'Cache-Control': 'no-cache', 'Accept-Encoding': 'gzip,deflate,sdch', 'Accept-Language': 'zh-CN,zh;q=0.8', 'User-Agent': 'Mozilla/5.0 (Windows NT 6.1; WOW64) AppleWebKit/537.36 (KHTML, like Gecko) Chrome/45.0.2454.101 Safari/537.36', 'Host': 'c.y.qq.com', 'Referer': 'https://y.qq.com/portal/playlist.html'}, 'params': {'g_tk': '5381', 'jsonpCallback': 'MusicJsonCallback8571665793949388', 'loginUin': '0', 'hostUin': '0', 'format': 'json', 'inCharset': 'utf8', 'outCharset': 'utf-8', 'notice': '0', 'platform': 'yqq', 'needNewCode': '0', 'cid': '205361747', 'callback': 'MusicJsonCallback8571665793949388', 'uin': '0', 'songmid': '003W3SjP2IGSCT', 'filename': 'C400003W3SjP2IGSCT.m4a', 'guid': '3768717388'}}
INFO qqApi  43 进行QQ Url请求, args: ('https://c.y.qq.com/base/fcgi-bin/fcg_music_express_mobile3.fcg',), kwargs: {'method': 'GET', 'headers': {'Accept': 'text/html,application/xhtml+xml,application/xml;q=0.9,image/webp,*/*;q=0.8', 'Connection': 'keep-alive', 'Pragma': 'no-cache', 'Cache-Control': 'no-cache', 'Accept-Encoding': 'gzip,deflate,sdch', 'Accept-Language': 'zh-CN,zh;q=0.8', 'User-Agent': 'Mozilla/5.0 (Windows NT 6.1; WOW64) AppleWebKit/537.36 (KHTML, like Gecko) Chrome/45.0.2454.101 Safari/537.36', 'Host': 'c.y.qq.com', 'Referer': 'https://y.qq.com/portal/playlist.html'}, 'params': {'g_tk': '5381', 'jsonpCallback': 'MusicJsonCallback8571665793949388', 'loginUin': '0', 'hostUin': '0', 'format': 'json', 'inCharset': 'utf8', 'outCharset': 'utf-8', 'notice': '0', 'platform': 'yqq', 'needNewCode': '0', 'cid': '205361747', 'callback': 'MusicJsonCallback8571665793949388', 'uin': '0', 'songmid': '0007wklS3YH9yQ', 'filename': 'C4000007wklS3YH9yQ.m4a', 'guid': '3768717388'}}
INFO qqApi  43 进行QQ Url请求, args: ('https://c.y.qq.com/base/fcgi-bin/fcg_music_express_mobile3.fcg',), kwargs: {'method': 'GET', 'headers': {'Accept': 'text/html,application/xhtml+xml,application/xml;q=0.9,image/webp,*/*;q=0.8', 'Connection': 'keep-alive', 'Pragma': 'no-cache', 'Cache-Control': 'no-cache', 'Accept-Encoding': 'gzip,deflate,sdch', 'Accept-Language': 'zh-CN,zh;q=0.8', 'User-Agent': 'Mozilla/5.0 (Windows NT 6.1; WOW64) AppleWebKit/537.36 (KHTML, like Gecko) Chrome/45.0.2454.101 Safari/537.36', 'Host': 'c.y.qq.com', 'Referer': 'https://y.qq.com/portal/playlist.html'}, 'params': {'g_tk': '5381', 'jsonpCallback': 'MusicJsonCallback8571665793949388', 'loginUin': '0', 'hostUin': '0', 'format': 'json', 'inCharset': 'utf8', 'outCharset': 'utf-8', 'notice': '0', 'platform': 'yqq', 'needNewCode': '0', 'cid': '205361747', 'callback': 'MusicJsonCallback8571665793949388', 'uin': '0', 'songmid': '004f0zME1JmYYu', 'filename': 'C400004f0zME1JmYYu.m4a', 'guid': '3768717388'}}
INFO qqApi  43 进行QQ Url请求, args: ('https://c.y.qq.com/base/fcgi-bin/fcg_music_express_mobile3.fcg',), kwargs: {'method': 'GET', 'headers': {'Accept': 'text/html,application/xhtml+xml,application/xml;q=0.9,image/webp,*/*;q=0.8', 'Connection': 'keep-alive', 'Pragma': 'no-cache', 'Cache-Control': 'no-cache', 'Accept-Encoding': 'gzip,deflate,sdch', 'Accept-Language': 'zh-CN,zh;q=0.8', 'User-Agent': 'Mozilla/5.0 (Windows NT 6.1; WOW64) AppleWebKit/537.36 (KHTML, like Gecko) Chrome/45.0.2454.101 Safari/537.36', 'Host': 'c.y.qq.com', 'Referer': 'https://y.qq.com/portal/playlist.html'}, 'params': {'g_tk': '5381', 'jsonpCallback': 'MusicJsonCallback8571665793949388', 'loginUin': '0', 'hostUin': '0', 'format': 'json', 'inCharset': 'utf8', 'outCharset': 'utf-8', 'notice': '0', 'platform': 'yqq', 'needNewCode': '0', 'cid': '205361747', 'callback': 'MusicJsonCallback8571665793949388', 'uin': '0', 'songmid': '00219DCf1z8MSn', 'filename': 'C40000219DCf1z8MSn.m4a', 'guid': '3768717388'}}
INFO qqApi  43 进行QQ Url请求, args: ('https://c.y.qq.com/base/fcgi-bin/fcg_music_express_mobile3.fcg',), kwargs: {'method': 'GET', 'headers': {'Accept': 'text/html,application/xhtml+xml,application/xml;q=0.9,image/webp,*/*;q=0.8', 'Connection': 'keep-alive', 'Pragma': 'no-cache', 'Cache-Control': 'no-cache', 'Accept-Encoding': 'gzip,deflate,sdch', 'Accept-Language': 'zh-CN,zh;q=0.8', 'User-Agent': 'Mozilla/5.0 (Windows NT 6.1; WOW64) AppleWebKit/537.36 (KHTML, like Gecko) Chrome/45.0.2454.101 Safari/537.36', 'Host': 'c.y.qq.com', 'Referer': 'https://y.qq.com/portal/playlist.html'}, 'params': {'g_tk': '5381', 'jsonpCallback': 'MusicJsonCallback8571665793949388', 'loginUin': '0', 'hostUin': '0', 'format': 'json', 'inCharset': 'utf8', 'outCharset': 'utf-8', 'notice': '0', 'platform': 'yqq', 'needNewCode': '0', 'cid': '205361747', 'callback': 'MusicJsonCallback8571665793949388', 'uin': '0', 'songmid': '002on1X90kUdQm', 'filename': 'C400002on1X90kUdQm.m4a', 'guid': '3768717388'}}
INFO qqApi  43 进行QQ Url请求, args: ('https://c.y.qq.com/base/fcgi-bin/fcg_music_express_mobile3.fcg',), kwargs: {'method': 'GET', 'headers': {'Accept': 'text/html,application/xhtml+xml,application/xml;q=0.9,image/webp,*/*;q=0.8', 'Connection': 'keep-alive', 'Pragma': 'no-cache', 'Cache-Control': 'no-cache', 'Accept-Encoding': 'gzip,deflate,sdch', 'Accept-Language': 'zh-CN,zh;q=0.8', 'User-Agent': 'Mozilla/5.0 (Windows NT 6.1; WOW64) AppleWebKit/537.36 (KHTML, like Gecko) Chrome/45.0.2454.101 Safari/537.36', 'Host': 'c.y.qq.com', 'Referer': 'https://y.qq.com/portal/playlist.html'}, 'params': {'g_tk': '5381', 'jsonpCallback': 'MusicJsonCallback8571665793949388', 'loginUin': '0', 'hostUin': '0', 'format': 'json', 'inCharset': 'utf8', 'outCharset': 'utf-8', 'notice': '0', 'platform': 'yqq', 'needNewCode': '0', 'cid': '205361747', 'callback': 'MusicJsonCallback8571665793949388', 'uin': '0', 'songmid': '002fLOp82p7rgW', 'filename': 'C400002fLOp82p7rgW.m4a', 'guid': '3768717388'}}
INFO qqApi  43 进行QQ Url请求, args: ('https://c.y.qq.com/base/fcgi-bin/fcg_music_express_mobile3.fcg',), kwargs: {'method': 'GET', 'headers': {'Accept': 'text/html,application/xhtml+xml,application/xml;q=0.9,image/webp,*/*;q=0.8', 'Connection': 'keep-alive', 'Pragma': 'no-cache', 'Cache-Control': 'no-cache', 'Accept-Encoding': 'gzip,deflate,sdch', 'Accept-Language': 'zh-CN,zh;q=0.8', 'User-Agent': 'Mozilla/5.0 (Windows NT 6.1; WOW64) AppleWebKit/537.36 (KHTML, like Gecko) Chrome/45.0.2454.101 Safari/537.36', 'Host': 'c.y.qq.com', 'Referer': 'https://y.qq.com/portal/playlist.html'}, 'params': {'g_tk': '5381', 'jsonpCallback': 'MusicJsonCallback8571665793949388', 'loginUin': '0', 'hostUin': '0', 'format': 'json', 'inCharset': 'utf8', 'outCharset': 'utf-8', 'notice': '0', 'platform': 'yqq', 'needNewCode': '0', 'cid': '205361747', 'callback': 'MusicJsonCallback8571665793949388', 'uin': '0', 'songmid': '004QZEeQ1e4iGo', 'filename': 'C400004QZEeQ1e4iGo.m4a', 'guid': '3768717388'}}
INFO qqApi  43 进行QQ Url请求, args: ('https://c.y.qq.com/base/fcgi-bin/fcg_music_express_mobile3.fcg',), kwargs: {'method': 'GET', 'headers': {'Accept': 'text/html,application/xhtml+xml,application/xml;q=0.9,image/webp,*/*;q=0.8', 'Connection': 'keep-alive', 'Pragma': 'no-cache', 'Cache-Control': 'no-cache', 'Accept-Encoding': 'gzip,deflate,sdch', 'Accept-Language': 'zh-CN,zh;q=0.8', 'User-Agent': 'Mozilla/5.0 (Windows NT 6.1; WOW64) AppleWebKit/537.36 (KHTML, like Gecko) Chrome/45.0.2454.101 Safari/537.36', 'Host': 'c.y.qq.com', 'Referer': 'https://y.qq.com/portal/playlist.html'}, 'params': {'g_tk': '5381', 'jsonpCallback': 'MusicJsonCallback8571665793949388', 'loginUin': '0', 'hostUin': '0', 'format': 'json', 'inCharset': 'utf8', 'outCharset': 'utf-8', 'notice': '0', 'platform': 'yqq', 'needNewCode': '0', 'cid': '205361747', 'callback': 'MusicJsonCallback8571665793949388', 'uin': '0', 'songmid': '000ew4Hq1i10wB', 'filename': 'C400000ew4Hq1i10wB.m4a', 'guid': '3768717388'}}
INFO player  207 尝试添加歌曲到播放列表，歌曲信息: {'url': 'http://dl.stream.qqmusic.qq.com/C400000Q3vqG3GaDXl.m4a?vkey=000&guid=3768717388&uin=0&fromtag=66', 'name': '最初的梦想', 'time': '04:56', 'author': '范玮琪', 'music_img': 'https://y.gtimg.cn/music/photo_new/T002R300x300M0000005A85z0jHEzi.jpg', 'music_id': 99247, 'lyric': 'qq'} 

INFO player  1015 歌曲地址失效，尝试重新获取，id号: 99247
INFO netEaseApi  56 进行网易云Url请求, args: ('http://music.163.com/weapi/song/enhance/player/url',), kwargs: {'method': 'POST', 'data': {'params': '7B1VLuFiJB9Uj3mO/E1o47vgcUDu6cib+2JW+8js3nAsXtvGz9ZHaVsvUXL9Bnx1cMEVpcxoML6azUff//o6mb3+QnFILfqUiX5Q9TgZuvYqJoIhd7I99FNH4zvHh7A4', 'encSecKey': '1283bb4e05df6e3b4e6155ab6d4353bea98389f41c6c61f325866e8d7ace2ac5eb0dc6a999703ed8dc0d2aab4081ecdeda2691b4631dc98ff1e893b267a5499f38b838982cc008b31bb54939422fa85972fa20c9a7dec4b310515c4b27b8f55f23936eec3f79452d75ad79900ca4a0e53aac90a9ac23c805246221102f25fe67'}}
INFO qqApi  43 进行QQ Url请求, args: ('https://c.y.qq.com/base/fcgi-bin/fcg_music_express_mobile3.fcg',), kwargs: {'method': 'GET', 'headers': {'Accept': 'text/html,application/xhtml+xml,application/xml;q=0.9,image/webp,*/*;q=0.8', 'Connection': 'keep-alive', 'Pragma': 'no-cache', 'Cache-Control': 'no-cache', 'Accept-Encoding': 'gzip,deflate,sdch', 'Accept-Language': 'zh-CN,zh;q=0.8', 'User-Agent': 'Mozilla/5.0 (Windows NT 6.1; WOW64) AppleWebKit/537.36 (KHTML, like Gecko) Chrome/45.0.2454.101 Safari/537.36', 'Host': 'c.y.qq.com', 'Referer': 'https://y.qq.com/portal/playlist.html'}, 'params': {'g_tk': '5381', 'jsonpCallback': 'MusicJsonCallback8571665793949388', 'loginUin': '0', 'hostUin': '0', 'format': 'json', 'inCharset': 'utf8', 'outCharset': 'utf-8', 'notice': '0', 'platform': 'yqq', 'needNewCode': '0', 'cid': '205361747', 'callback': 'MusicJsonCallback8571665793949388', 'uin': '0', 'songmid': '000Q3vqG3GaDXl', 'filename': 'C400000Q3vqG3GaDXl.m4a', 'guid': '3768717388'}}
INFO player  1033 id 99247's response: http://dl.stream.qqmusic.qq.com/C400000Q3vqG3GaDXl.m4a?vkey=000&guid=3768717388&uin=0&fromtag=66
ERROR __init__  589 Task exception was never retrieved
future: <Task finished name='Task-3' coro=<Player.loadRealMusicUrl() done, defined at Z:\Code\python\PyQt\PyQt\tests\MusicPlayer\widgets\player.py:1010> exception=TypeError('string indices must be integers')>
Traceback (most recent call last):
  File "Z:\Code\python\PyQt\PyQt\tests\MusicPlayer\widgets\player.py", line 1040, in loadRealMusicUrl
    url = data[0]['url']
TypeError: string indices must be integers
INFO player  207 尝试添加歌曲到播放列表，歌曲信息: {'url': 'http://dl.stream.qqmusic.qq.com/C400000Y4byc1P2fL7.m4a?vkey=000&guid=3768717388&uin=0&fromtag=66', 'name': '挥着翅膀的女孩', 'time': '03:09', 'author': '容祖儿', 'music_img': 'https://y.gtimg.cn/music/photo_new/T002R300x300M000003l02MY0vw8vs.jpg', 'music_id': 103492594, 'lyric': 'qq'} 

INFO player  1015 歌曲地址失效，尝试重新获取，id号: 103492594
INFO netEaseApi  56 进行网易云Url请求, args: ('http://music.163.com/weapi/song/enhance/player/url',), kwargs: {'method': 'POST', 'data': {'params': 'J3b2xqOAHgYJRpQ+8zhIM7dQfJfHQqN3jvrxZK4N5We8YKTJQ9Uy4sFIkHa/TufA26/Y5GI5sdimF1leyrkgEd/AnWIToZ5Q3OfQF8P2VnKmhsCA7NkzKlXUDqyZ/2Sf', 'encSecKey': 'af66a1696e75570bc10b43b84a1b792b9cb0f5df0522f477bc571f159eef1a56f1b771a88058b7d79b84bfca57cab1ac13a541af279d045e25fd1bdf332a900a23ad668b20d1f8475093a11c885fedbabfef86a6b8e9cf7ef9dc6cf6f8e8c0fd27cd160e4090730359c83cc70b655fb307845666ea541767dff244e7fd8f5eab'}}
INFO qqApi  43 进行QQ Url请求, args: ('https://c.y.qq.com/base/fcgi-bin/fcg_music_express_mobile3.fcg',), kwargs: {'method': 'GET', 'headers': {'Accept': 'text/html,application/xhtml+xml,application/xml;q=0.9,image/webp,*/*;q=0.8', 'Connection': 'keep-alive', 'Pragma': 'no-cache', 'Cache-Control': 'no-cache', 'Accept-Encoding': 'gzip,deflate,sdch', 'Accept-Language': 'zh-CN,zh;q=0.8', 'User-Agent': 'Mozilla/5.0 (Windows NT 6.1; WOW64) AppleWebKit/537.36 (KHTML, like Gecko) Chrome/45.0.2454.101 Safari/537.36', 'Host': 'c.y.qq.com', 'Referer': 'https://y.qq.com/portal/playlist.html'}, 'params': {'g_tk': '5381', 'jsonpCallback': 'MusicJsonCallback8571665793949388', 'loginUin': '0', 'hostUin': '0', 'format': 'json', 'inCharset': 'utf8', 'outCharset': 'utf-8', 'notice': '0', 'platform': 'yqq', 'needNewCode': '0', 'cid': '205361747', 'callback': 'MusicJsonCallback8571665793949388', 'uin': '0', 'songmid': '000Y4byc1P2fL7', 'filename': 'C400000Y4byc1P2fL7.m4a', 'guid': '3768717388'}}
INFO player  1033 id 103492594's response: http://dl.stream.qqmusic.qq.com/C400000Y4byc1P2fL7.m4a?vkey=000&guid=3768717388&uin=0&fromtag=66
ERROR __init__  589 Task exception was never retrieved
future: <Task finished name='Task-4' coro=<Player.loadRealMusicUrl() done, defined at Z:\Code\python\PyQt\PyQt\tests\MusicPlayer\widgets\player.py:1010> exception=TypeError('string indices must be integers')>
Traceback (most recent call last):
  File "Z:\Code\python\PyQt\PyQt\tests\MusicPlayer\widgets\player.py", line 1040, in loadRealMusicUrl
    url = data[0]['url']
TypeError: string indices must be integers
ERROR music  540 got some error
Traceback (most recent call last):
  File "Z:\Code\python\PyQt\PyQt\tests\MusicPlayer\music.py", line 538, in start
    sys.exit(0)
SystemExit: 0
